Tue Jul 13 15:31:22 2021: rmetasim landscape output
locus-2 
locus-3 
POP
Class-0 Gen-99, 004004  004003  
 Class-0 Gen-99, 003003  003002  
 Class-0 Gen-99, 003003  004004  
 Class-0 Gen-99, 004003  004003  
 Class-0 Gen-99, 004003  002004  
 Class-0 Gen-99, 003003  002004  
 Class-0 Gen-99, 003003  004003  
 Class-0 Gen-99, 004003  004004  
 Class-0 Gen-99, 003003  004004  
 Class-0 Gen-99, 002004  002004  
 Class-0 Gen-99, 003004  002003  
 Class-0 Gen-99, 003003  002002  
 Class-0 Gen-99, 003003  002002  
 Class-0 Gen-99, 003003  002002  
 Class-0 Gen-99, 003004  002002  
 Class-0 Gen-99, 003003  003003  
 Class-0 Gen-99, 003003  002002  
 Class-0 Gen-99, 002003  002004  
 Class-0 Gen-99, 003003  003004  
 Class-0 Gen-99, 002003  002004  
 Class-0 Gen-99, 002003  002004  
 Class-0 Gen-99, 003004  002002  
 Class-0 Gen-99, 003003  002003  
 Class-0 Gen-99, 004004  003002  
 Class-0 Gen-99, 003003  002003  
 Class-0 Gen-99, 002002  004004  
 Class-0 Gen-99, 002003  003003  
 Class-0 Gen-99, 003003  002002  
 Class-0 Gen-99, 002003  003004  
 Class-0 Gen-99, 003002  003003  
 Class-0 Gen-99, 002002  003003  
 Class-0 Gen-99, 002002  003004  
 Class-0 Gen-99, 002002  003004  
 Class-0 Gen-99, 002002  003003  
 Class-0 Gen-99, 002002  003003  
 Class-0 Gen-99, 002002  003003  
 Class-0 Gen-99, 002002  003004  
 Class-0 Gen-99, 002002  003004  
 Class-0 Gen-99, 002002  003004  
 Class-0 Gen-99, 002002  003003  
 Class-0 Gen-99, 002002  003004  
 Class-0 Gen-99, 003002  003003  
 Class-0 Gen-99, 002003  004003  
 Class-0 Gen-99, 002003  004003  
 Class-0 Gen-99, 003003  003003  
 Class-0 Gen-99, 003003  003003  
 Class-0 Gen-99, 003003  004004  
 Class-0 Gen-99, 002002  003004  
 Class-0 Gen-99, 002002  003003  
 Class-0 Gen-99, 002002  004003  
 Class-0 Gen-99, 002002  004003  
 Class-0 Gen-99, 002002  004003  
 Class-0 Gen-99, 003003  003004  
 Class-0 Gen-99, 003003  003003  
 Class-0 Gen-99, 003002  003003  
 Class-0 Gen-99, 003003  003003  
 Class-0 Gen-99, 003003  003004  
 Class-0 Gen-99, 003003  003003  
 Class-0 Gen-99, 003003  002002  
 Class-0 Gen-99, 003003  002003  
 Class-0 Gen-99, 003003  002002  
 Class-0 Gen-99, 003003  002003  
 Class-0 Gen-99, 003002  003003  
 Class-0 Gen-99, 004003  004002  
 Class-0 Gen-99, 003003  003003  
 Class-0 Gen-99, 002003  003003  
 Class-0 Gen-99, 002003  003003  
 Class-0 Gen-99, 002003  003003  
 Class-0 Gen-99, 002003  003004  
 Class-0 Gen-99, 002003  003004  
 Class-0 Gen-99, 002002  004004  
 Class-0 Gen-99, 002003  003004  
 Class-0 Gen-99, 003002  003003  
 Class-0 Gen-99, 003002  003003  
 Class-0 Gen-99, 002002  004003  
 Class-0 Gen-99, 003003  003004  
 Class-0 Gen-99, 003002  003003  
 Class-0 Gen-99, 003003  002003  
 Class-0 Gen-99, 003003  002003  
 Class-0 Gen-99, 003003  003002  
 Class-0 Gen-99, 003003  003002  
 Class-0 Gen-99, 003002  003003  
 Class-0 Gen-99, 003003  003002  
 Class-0 Gen-99, 002002  003003  
 Class-0 Gen-99, 002002  003003  
 Class-0 Gen-99, 004004  004004  
 Class-0 Gen-99, 003003  003003  
 Class-0 Gen-99, 003002  002003  
 Class-0 Gen-99, 003003  002003  
 Class-0 Gen-99, 002003  003003  
 Class-0 Gen-99, 003003  003003  
 Class-0 Gen-99, 002003  003003  
 Class-0 Gen-99, 003002  003003  
 Class-0 Gen-99, 003003  003003  
 Class-0 Gen-99, 002002  003003  
 Class-0 Gen-99, 003003  002004  
 Class-0 Gen-99, 003003  004003  
 Class-0 Gen-99, 003003  004004  
 Class-0 Gen-99, 003002  003003  
 Class-0 Gen-99, 002003  004004  
 Class-0 Gen-99, 002003  004002  
 Class-0 Gen-99, 002003  004002  
 Class-0 Gen-99, 003003  004002  
 Class-0 Gen-99, 003002  003004  
 Class-0 Gen-99, 002002  003003  
 Class-0 Gen-99, 002002  003003  
 Class-0 Gen-99, 003003  002004  
 Class-0 Gen-99, 003003  004004  
 Class-0 Gen-99, 003003  004004  
 Class-0 Gen-99, 003003  004004  
 Class-0 Gen-99, 003003  004004  
 Class-0 Gen-99, 003003  004004  
 Class-0 Gen-99, 003003  004004  
 Class-0 Gen-99, 003003  004004  
 Class-0 Gen-99, 003003  004004  
 Class-0 Gen-99, 003002  003003  
 Class-0 Gen-99, 003002  003003  
 Class-0 Gen-99, 003002  002003  
 Class-0 Gen-99, 002002  003004  
 Class-0 Gen-99, 003002  004003  
 Class-0 Gen-99, 003002  003003  
 Class-0 Gen-99, 003002  003003  
 Class-0 Gen-99, 003002  004003  
 Class-0 Gen-99, 003003  003004  
 Class-0 Gen-99, 003003  003004  
 Class-0 Gen-99, 002002  003003  
 Class-0 Gen-99, 002002  003003  
 Class-0 Gen-99, 002002  003003  
 Class-0 Gen-99, 002002  003003  
 Class-0 Gen-99, 003003  004004  
 Class-0 Gen-99, 002002  003003  
 Class-0 Gen-99, 002002  003003  
 Class-0 Gen-99, 002002  004004  
 Class-0 Gen-99, 002004  003003  
 Class-0 Gen-99, 002002  003003  
 Class-0 Gen-99, 002002  004004  
 Class-0 Gen-99, 002002  003003  
 Class-0 Gen-99, 003002  003003  
 Class-0 Gen-99, 002002  003003  
 Class-0 Gen-99, 002002  003003  
 Class-0 Gen-99, 002002  003003  
 Class-0 Gen-99, 002002  003003  
 Class-0 Gen-99, 002002  003003  
 Class-0 Gen-99, 003002  004002  
 Class-0 Gen-99, 002002  003003  
 Class-0 Gen-99, 002002  003003  
 Class-0 Gen-99, 003003  002003  
 Class-0 Gen-99, 003002  004002  
 Class-0 Gen-99, 003003  004003  
 Class-0 Gen-99, 003003  002002  
 Class-0 Gen-99, 003003  002002  
 Class-0 Gen-99, 003003  004004  
 Class-0 Gen-99, 004004  002002  
 Class-0 Gen-99, 003003  002004  
 Class-0 Gen-99, 003003  002002  
 Class-0 Gen-99, 002002  003004  
 Class-0 Gen-99, 002002  003004  
 Class-0 Gen-99, 003002  003003  
 Class-0 Gen-99, 003004  004004  
 Class-0 Gen-99, 003004  004004  
 Class-0 Gen-99, 002002  004003  
 Class-0 Gen-99, 002002  004003  
 Class-0 Gen-99, 002002  004003  
 Class-0 Gen-99, 003003  004002  
 Class-0 Gen-99, 003003  003003  
 Class-0 Gen-99, 004003  004002  
 Class-0 Gen-99, 002002  003004  
 Class-0 Gen-99, 002002  003004  
 Class-0 Gen-99, 002002  003004  
 Class-0 Gen-99, 002003  003003  
 Class-0 Gen-99, 002002  003004  
 Class-0 Gen-99, 003003  004004  
 Class-0 Gen-99, 003003  002002  
 Class-0 Gen-99, 003003  002002  
 Class-0 Gen-99, 003003  004004  
 Class-0 Gen-99, 003002  004004  
 Class-0 Gen-99, 004002  003004  
 Class-0 Gen-99, 002003  003002  
 Class-0 Gen-99, 002003  003002  
 Class-0 Gen-99, 003003  004004  
 Class-0 Gen-99, 002003  004004  
 Class-0 Gen-99, 002003  004004  
 Class-0 Gen-99, 003003  004004  
 Class-0 Gen-99, 002003  004004  
 Class-0 Gen-99, 003002  002002  
 Class-0 Gen-99, 002002  002002  
 Class-0 Gen-99, 002002  002002  
 Class-0 Gen-99, 002002  002004  
 Class-0 Gen-99, 003003  004004  
 Class-0 Gen-99, 003003  004004  
 Class-0 Gen-99, 002002  002002  
 Class-0 Gen-99, 002002  002002  
 Class-0 Gen-99, 002003  004004  
 Class-0 Gen-99, 003003  004004  
 Class-0 Gen-99, 003003  003004  
 Class-0 Gen-99, 002003  004004  
 Class-0 Gen-99, 003002  004003  
 Class-0 Gen-99, 003003  004003  
 Class-0 Gen-99, 002002  004004  
 Class-0 Gen-99, 003002  004003  
 Class-0 Gen-99, 003003  004004  
 Class-0 Gen-99, 003003  004004  
 Class-0 Gen-99, 003003  004004  
 Class-0 Gen-99, 002002  003004  
 Class-0 Gen-99, 003003  004004  
 Class-0 Gen-99, 003003  004004  
 Class-0 Gen-99, 003003  004003  
 Class-0 Gen-99, 003003  004003  
 Class-0 Gen-99, 003003  004004  
 Class-0 Gen-99, 003003  003004  
 Class-0 Gen-99, 003002  004004  
 Class-0 Gen-99, 003003  004004  
 Class-0 Gen-99, 002003  003004  
 Class-0 Gen-99, 003002  003002  
 Class-0 Gen-99, 003002  004002  
 Class-0 Gen-99, 003003  004004  
 Class-0 Gen-99, 003002  003003  
 Class-0 Gen-99, 003002  003003  
 Class-0 Gen-99, 003003  002002  
 Class-0 Gen-99, 003003  003004  
 Class-0 Gen-99, 002002  003002  
 Class-0 Gen-99, 003003  004004  
 Class-0 Gen-99, 003003  004003  
 Class-0 Gen-99, 002002  004003  
 Class-0 Gen-99, 003003  002002  
 Class-0 Gen-99, 003003  002002  
 Class-0 Gen-99, 003003  004004  
 Class-0 Gen-99, 002003  003003  
 Class-0 Gen-99, 002003  003003  
 Class-0 Gen-99, 002003  003003  
 Class-0 Gen-99, 003003  003003  
 Class-0 Gen-99, 003003  002002  
 Class-0 Gen-99, 003003  002002  
 Class-0 Gen-99, 003003  002002  
 Class-0 Gen-99, 003003  004002  
 Class-0 Gen-99, 002002  002004  
 Class-0 Gen-99, 003003  004004  
 Class-0 Gen-99, 003003  004004  
 Class-0 Gen-99, 003003  002002  
 Class-0 Gen-99, 003003  004004  
 Class-0 Gen-99, 002003  004004  
 Class-0 Gen-99, 002002  003004  
 Class-0 Gen-99, 002002  003002  
 Class-0 Gen-99, 002003  004004  
 Class-0 Gen-99, 003003  003003  
 Class-0 Gen-99, 003003  002003  
 Class-0 Gen-99, 002003  004004  
 Class-0 Gen-99, 003003  003003  
 Class-0 Gen-99, 003003  002002  
 Class-0 Gen-99, 003003  003004  
 Class-0 Gen-99, 003003  003003  
 Class-0 Gen-99, 002002  003003  
 Class-0 Gen-99, 003002  003003  
 Class-0 Gen-99, 003002  003004  
 Class-0 Gen-99, 002002  003004  
 Class-0 Gen-99, 003003  003003  
 Class-0 Gen-99, 003003  003002  
 Class-0 Gen-99, 003003  003003  
 Class-0 Gen-99, 003003  004004  
 Class-0 Gen-99, 002003  004004  
 Class-0 Gen-99, 002003  003004  
 Class-0 Gen-99, 003003  004004  
 Class-0 Gen-99, 002003  002004  
 Class-0 Gen-99, 002002  003003  
 Class-0 Gen-99, 003003  004003  
 Class-0 Gen-99, 003003  003003  
 Class-0 Gen-99, 003003  004004  
 Class-0 Gen-99, 003003  003002  
 Class-0 Gen-99, 003003  003002  
 Class-0 Gen-99, 003003  003004  
 Class-0 Gen-99, 003003  003003  
 Class-0 Gen-99, 002002  004002  
 Class-0 Gen-99, 003003  002002  
 Class-0 Gen-99, 003002  002002  
 Class-0 Gen-99, 002002  003004  
 Class-0 Gen-99, 002002  003003  
 Class-0 Gen-99, 002002  003004  
 Class-0 Gen-99, 002002  004004  
 Class-0 Gen-99, 003003  002002  
 Class-0 Gen-99, 003004  002004  
 Class-0 Gen-99, 003003  002002  
 Class-0 Gen-99, 003003  002002  
 Class-0 Gen-99, 003004  002003  
 Class-0 Gen-99, 003003  002002  
 Class-0 Gen-99, 003003  002002  
 Class-0 Gen-99, 003003  002002  
 Class-0 Gen-99, 003003  002002  
 Class-0 Gen-99, 003002  004003  
 Class-0 Gen-99, 003004  004003  
 Class-0 Gen-99, 002002  004004  
 Class-0 Gen-99, 003004  004004  
 Class-0 Gen-99, 003004  004003  
 Class-0 Gen-99, 002004  004003  
 Class-0 Gen-99, 002004  003003  
 Class-0 Gen-99, 004004  002002  
 Class-0 Gen-99, 004004  002002  
 Class-0 Gen-99, 003003  003003  
 Class-0 Gen-99, 004004  002002  
 Class-0 Gen-99, 003003  004004  
 Class-0 Gen-99, 003003  004004  
 Class-0 Gen-99, 003003  004004  
 Class-0 Gen-99, 003002  002002  
 Class-0 Gen-99, 003002  002002  
 Class-0 Gen-99, 003003  003003  
 Class-0 Gen-99, 003003  004004  
 Class-0 Gen-99, 003003  004004  
 Class-0 Gen-99, 003003  004004  
 Class-0 Gen-99, 003002  002002  
 Class-0 Gen-99, 003003  002002  
 Class-0 Gen-99, 003002  002002  
 Class-0 Gen-99, 002002  002002  
 Class-0 Gen-99, 002002  002002  
 Class-0 Gen-99, 002003  002002  
 Class-0 Gen-99, 002003  002002  
 Class-0 Gen-99, 002002  002002  
 Class-0 Gen-99, 003002  002002  
 Class-0 Gen-99, 002002  002002  
 Class-0 Gen-99, 002004  002002  
 Class-0 Gen-99, 003003  002002  
 Class-0 Gen-99, 003003  002002  
 Class-0 Gen-99, 003003  002002  
 Class-0 Gen-99, 003003  002002  
 Class-0 Gen-99, 003003  002002  
 Class-0 Gen-99, 003003  002002  
 Class-0 Gen-99, 003003  002002  
 Class-0 Gen-99, 002003  003004  
 Class-0 Gen-99, 003003  002002  
 Class-0 Gen-99, 003003  002002  
 Class-0 Gen-99, 003003  002002  
 Class-0 Gen-99, 003003  003004  
 Class-0 Gen-99, 002003  003004  
 Class-0 Gen-99, 003003  004004  
 Class-0 Gen-99, 003003  004004  
 Class-0 Gen-99, 003003  004004  
 Class-0 Gen-99, 003003  002002  
 Class-0 Gen-99, 002003  003004  
 Class-0 Gen-99, 003003  002002  
 Class-0 Gen-99, 003003  003003  
 Class-0 Gen-99, 003003  002002  
 Class-0 Gen-99, 003003  003003  
 Class-0 Gen-99, 003003  004004  
 Class-0 Gen-99, 002003  003004  
 Class-0 Gen-99, 003003  004004  
 Class-0 Gen-99, 003002  004004  
 Class-0 Gen-99, 003003  004004  
 Class-0 Gen-99, 002003  004002  
 Class-0 Gen-99, 003003  004002  
 Class-0 Gen-99, 003003  004004  
 Class-0 Gen-99, 003002  004003  
 Class-0 Gen-99, 003003  003003  
 Class-0 Gen-99, 003003  003004  
 Class-0 Gen-99, 003003  004002  
 Class-0 Gen-99, 002002  004003  
 Class-0 Gen-99, 003003  004002  
 Class-0 Gen-99, 003003  002002  
 Class-0 Gen-99, 002003  002002  
 Class-0 Gen-99, 003003  002004  
 Class-0 Gen-99, 003003  004004  
 Class-0 Gen-99, 003003  003004  
 Class-0 Gen-99, 003003  004002  
 Class-0 Gen-99, 003003  003004  
 Class-0 Gen-99, 002002  004003  
 Class-0 Gen-99, 003004  004004  
 Class-0 Gen-99, 003003  003004  
 Class-0 Gen-99, 003003  002002  
 Class-0 Gen-99, 003003  003002  
 Class-0 Gen-99, 003002  004004  
 Class-0 Gen-99, 003003  003002  
 Class-0 Gen-99, 003002  003003  
 Class-0 Gen-99, 003002  002003  
 Class-0 Gen-99, 002004  003003  
 Class-0 Gen-99, 003002  002003  
 Class-0 Gen-99, 002002  003003  
 Class-0 Gen-99, 002003  002002  
 Class-0 Gen-99, 003003  004004  
 Class-0 Gen-99, 002003  002002  
 Class-0 Gen-99, 002002  002002  
 Class-0 Gen-99, 003003  002002  
 Class-0 Gen-99, 003004  004004  
 Class-0 Gen-99, 004004  002004  
 Class-0 Gen-99, 004004  002003  
 Class-0 Gen-99, 003003  004004  
 Class-0 Gen-99, 003003  003004  
 Class-0 Gen-99, 002003  004004  
 Class-0 Gen-99, 003003  004004  
 Class-0 Gen-99, 003003  003004  
 Class-0 Gen-99, 003003  004002  
 Class-0 Gen-99, 003003  003002  
 Class-0 Gen-99, 003003  002002  
 Class-0 Gen-99, 003003  003002  
 Class-0 Gen-99, 003003  004002  
 Class-0 Gen-99, 003003  002002  
 Class-0 Gen-99, 003003  003004  
 Class-0 Gen-99, 003003  004003  
 Class-0 Gen-99, 002003  003002  
 Class-0 Gen-99, 002003  003002  
 Class-0 Gen-99, 003003  002002  
 Class-0 Gen-99, 002003  004004  
 Class-0 Gen-99, 003003  002002  
 Class-0 Gen-99, 002002  004004  
 Class-0 Gen-99, 003003  004004  
 Class-0 Gen-99, 002002  004002  
 Class-0 Gen-99, 002002  004002  
 Class-0 Gen-99, 003003  004004  
 Class-0 Gen-99, 003002  002004  
 Class-0 Gen-99, 003002  002002  
 Class-0 Gen-99, 003002  002004  
 Class-0 Gen-99, 003002  004004  
 Class-0 Gen-99, 003002  004002  
 Class-0 Gen-99, 003002  004004  
 Class-0 Gen-99, 003002  004004  
 Class-0 Gen-99, 003002  004004  
 Class-0 Gen-99, 002002  003003  
 Class-0 Gen-99, 003003  004004  
 Class-0 Gen-99, 003003  004004  
 Class-0 Gen-99, 002002  004002  
 Class-0 Gen-99, 002002  002002  
 Class-0 Gen-99, 002003  004002  
 Class-0 Gen-99, 002002  004002  
 Class-0 Gen-99, 003003  002002  
 Class-0 Gen-99, 002002  003003  
 Class-0 Gen-99, 003003  004004  
 Class-0 Gen-99, 003003  004004  
 Class-0 Gen-99, 002003  002003  
 Class-0 Gen-99, 002003  002003  
 Class-0 Gen-99, 003003  002003  
 Class-0 Gen-99, 003003  004004  
 Class-0 Gen-99, 003003  004003  
 Class-0 Gen-99, 003002  002002  
 Class-0 Gen-99, 003002  004002  
 Class-0 Gen-99, 002002  002002  
 Class-0 Gen-99, 002003  003004  
 Class-0 Gen-99, 003003  004004  
 Class-0 Gen-99, 003003  004004  
 Class-0 Gen-99, 002002  003003  
 Class-0 Gen-99, 003002  003002  
 Class-0 Gen-99, 003003  003003  
 Class-0 Gen-99, 003002  003003  
 Class-0 Gen-99, 003003  002002  
 Class-0 Gen-99, 003003  002004  
 Class-0 Gen-99, 003003  002004  
 Class-0 Gen-99, 003003  002004  
 Class-0 Gen-99, 004003  002004  
 Class-0 Gen-99, 004003  002004  
 Class-0 Gen-99, 003003  004004  
 Class-0 Gen-99, 003003  004004  
 Class-0 Gen-99, 003003  004004  
 Class-0 Gen-99, 003003  004004  
 Class-0 Gen-99, 003003  004002  
 Class-0 Gen-99, 003003  004002  
 Class-0 Gen-99, 004003  004002  
 Class-0 Gen-99, 004003  004004  
 Class-0 Gen-99, 002004  004004  
 Class-0 Gen-99, 002004  004003  
 Class-0 Gen-99, 002004  004003  
 Class-0 Gen-99, 002002  004003  
 Class-0 Gen-99, 002004  003004  
 Class-0 Gen-99, 002004  004004  
 Class-0 Gen-99, 003003  003003  
 Class-0 Gen-99, 003002  003004  
 Class-0 Gen-99, 002002  004004  
 Class-0 Gen-99, 002003  003004  
 Class-0 Gen-99, 002003  003003  
 Class-0 Gen-99, 003003  003003  
 Class-0 Gen-99, 003003  003003  
 Class-0 Gen-99, 003003  003003  
 Class-0 Gen-99, 003003  003003  
 Class-0 Gen-99, 003003  003003  
 Class-0 Gen-99, 003003  003003  
 Class-0 Gen-99, 003003  003003  
 Class-0 Gen-99, 003003  003003  
 Class-0 Gen-99, 003003  003003  
 Class-0 Gen-99, 003003  003003  
 Class-0 Gen-99, 003003  003003  
 Class-0 Gen-99, 003003  004003  
 Class-0 Gen-99, 003003  003003  
 Class-0 Gen-99, 002002  004002  
 Class-0 Gen-99, 002002  004002  
 Class-0 Gen-99, 003003  002003  
 Class-0 Gen-99, 003003  002003  
 Class-0 Gen-99, 003003  002003  
 Class-0 Gen-99, 002002  002002  
 Class-0 Gen-99, 002002  002002  
 Class-0 Gen-99, 003003  002003  
 Class-0 Gen-99, 002003  003003  
 Class-0 Gen-99, 002003  002004  
 Class-0 Gen-99, 003002  003003  
 Class-0 Gen-99, 002002  003004  
 Class-0 Gen-99, 002004  003004  
 Class-0 Gen-99, 003004  003004  
 Class-0 Gen-99, 002004  003004  
 Class-0 Gen-99, 002002  003003  
 Class-0 Gen-99, 002002  004003  
 Class-0 Gen-99, 002002  004003  
 Class-0 Gen-99, 002002  004003  
 Class-0 Gen-99, 002002  004003  
 Class-0 Gen-99, 002002  004003  
 Class-0 Gen-99, 002002  003003  
 Class-0 Gen-99, 002002  004004  
 Class-0 Gen-99, 002002  003003  
 Class-0 Gen-99, 002002  003003  
 Class-0 Gen-99, 002002  003003  
 Class-0 Gen-99, 002002  003003  
 Class-0 Gen-99, 002002  003003  
 Class-0 Gen-99, 002002  003003  
 Class-0 Gen-99, 002002  004004  
 Class-0 Gen-99, 002002  003002  
 Class-0 Gen-99, 002002  004004  
 Class-0 Gen-99, 002002  003004  
 Class-0 Gen-99, 002002  003003  
 Class-0 Gen-99, 002002  004004  
 Class-0 Gen-99, 002002  004004  
 Class-0 Gen-99, 002002  003003  
 Class-0 Gen-99, 002002  003003  
 Class-0 Gen-99, 002003  003003  
 Class-0 Gen-99, 003003  003003  
 Class-0 Gen-99, 002003  002003  
 Class-0 Gen-99, 002004  003004  
 Class-0 Gen-99, 002004  003003  
 Class-0 Gen-99, 002004  004003  
 Class-0 Gen-99, 002003  003004  
 Class-0 Gen-99, 002003  003004  
 Class-0 Gen-99, 002002  004003  
 Class-0 Gen-99, 002003  003004  
 Class-0 Gen-99, 002003  002004  
 Class-0 Gen-99, 002002  003003  
 Class-0 Gen-99, 002002  004004  
 Class-0 Gen-99, 002002  004003  
 Class-0 Gen-99, 002003  004004  
 Class-0 Gen-99, 002002  002002  
 Class-1 Gen-99, 002002  004003  
 Class-1 Gen-99, 002002  003003  
 Class-1 Gen-99, 003002  003004  
 Class-1 Gen-99, 003003  002002  
 Class-1 Gen-99, 002004  004003  
 Class-1 Gen-99, 002002  004004  
 Class-1 Gen-99, 002002  004003  
 Class-1 Gen-99, 004003  004002  
 Class-1 Gen-99, 003003  002004  
 Class-1 Gen-99, 002003  002004  
 Class-1 Gen-99, 002004  002003  
 Class-1 Gen-99, 003003  002003  
 Class-1 Gen-99, 004003  002004  
 Class-1 Gen-99, 003003  004002  
 Class-1 Gen-99, 003003  004004  
 Class-1 Gen-99, 004003  002004  
 Class-1 Gen-99, 004003  002004  
 Class-1 Gen-99, 003003  002002  
 Class-1 Gen-99, 003003  003004  
 Class-1 Gen-99, 003003  002002  
 Class-1 Gen-99, 003004  002004  
 Class-1 Gen-99, 003003  004002  
 Class-1 Gen-99, 003002  002004  
 Class-1 Gen-99, 003003  002002  
 Class-1 Gen-99, 003004  002003  
 Class-1 Gen-99, 003004  002002  
 Class-1 Gen-99, 004003  002004  
 Class-1 Gen-99, 004003  002004  
 Class-1 Gen-99, 002002  003003  
 Class-1 Gen-99, 003003  002002  
 Class-1 Gen-99, 003003  002002  
 Class-1 Gen-99, 003003  003002  
 Class-1 Gen-99, 003003  003002  
 Class-1 Gen-99, 003004  002003  
 Class-1 Gen-99, 002002  003003  
 Class-1 Gen-99, 002003  002002  
 Class-1 Gen-99, 002002  003004  
 Class-1 Gen-99, 002002  003003  
 Class-1 Gen-99, 002002  003003  
 Class-1 Gen-99, 002003  003004  
 Class-1 Gen-99, 003003  004004  
 Class-1 Gen-99, 002002  003003  
 Class-1 Gen-99, 003003  002002  
 Class-1 Gen-99, 003003  002003  
 Class-1 Gen-99, 003003  002003  
 Class-1 Gen-99, 003003  002003  
 Class-1 Gen-99, 003003  002002  
 Class-1 Gen-99, 002003  003002  
 Class-1 Gen-99, 002003  002002  
 Class-1 Gen-99, 002003  002002  
 Class-1 Gen-99, 002002  003003  
 Class-1 Gen-99, 003003  003002  
 Class-1 Gen-99, 003003  003003  
 Class-1 Gen-99, 003002  004003  
 Class-1 Gen-99, 002002  004003  
 Class-1 Gen-99, 002003  003004  
 Class-1 Gen-99, 002002  003003  
 Class-1 Gen-99, 003003  003003  
 Class-1 Gen-99, 003002  003003  
 Class-1 Gen-99, 002002  003003  
 Class-1 Gen-99, 002002  002004  
 Class-1 Gen-99, 002002  003003  
 Class-1 Gen-99, 002003  003003  
 Class-1 Gen-99, 003002  003004  
 Class-1 Gen-99, 002003  004004  
 Class-1 Gen-99, 002002  004004  
 Class-1 Gen-99, 002003  004002  
 Class-1 Gen-99, 002002  004004  
 Class-1 Gen-99, 002002  003003  
 Class-1 Gen-99, 003003  004004  
 Class-1 Gen-99, 003003  004004  
 Class-1 Gen-99, 003002  004002  
 Class-1 Gen-99, 003003  003004  
 Class-1 Gen-99, 003003  003003  
 Class-1 Gen-99, 002002  003003  
 Class-1 Gen-99, 003002  002003  
 Class-1 Gen-99, 003002  003003  
 Class-1 Gen-99, 002002  003004  
 Class-1 Gen-99, 003002  003003  
 Class-1 Gen-99, 003002  003003  
 Class-1 Gen-99, 003002  003004  
 Class-1 Gen-99, 003002  004002  
 Class-1 Gen-99, 002002  003003  
 Class-1 Gen-99, 003003  004004  
 Class-1 Gen-99, 002002  003003  
 Class-1 Gen-99, 003003  004003  
 Class-1 Gen-99, 002002  003003  
 Class-1 Gen-99, 002002  003003  
 Class-1 Gen-99, 002002  003003  
 Class-1 Gen-99, 003003  004003  
 Class-1 Gen-99, 002002  003004  
 Class-1 Gen-99, 002002  003003  
 Class-1 Gen-99, 002002  003003  
 Class-1 Gen-99, 002002  003003  
 Class-1 Gen-99, 002002  003003  
 Class-1 Gen-99, 003003  004003  
 Class-1 Gen-99, 003003  004003  
 Class-1 Gen-99, 003003  002002  
 Class-1 Gen-99, 003003  002002  
 Class-1 Gen-99, 004004  002004  
 Class-1 Gen-99, 003004  002004  
 Class-1 Gen-99, 003003  004004  
 Class-1 Gen-99, 003004  004004  
 Class-1 Gen-99, 003003  003003  
 Class-1 Gen-99, 003003  003004  
 Class-1 Gen-99, 003003  004004  
 Class-1 Gen-99, 003003  004002  
 Class-1 Gen-99, 002002  003003  
 Class-1 Gen-99, 002002  003003  
 Class-1 Gen-99, 002002  003003  
 Class-1 Gen-99, 003003  004004  
 Class-1 Gen-99, 002003  004004  
 Class-1 Gen-99, 003003  004004  
 Class-1 Gen-99, 002003  004004  
 Class-1 Gen-99, 002002  002004  
 Class-1 Gen-99, 002002  002004  
 Class-1 Gen-99, 002002  002004  
 Class-1 Gen-99, 003003  004004  
 Class-1 Gen-99, 003003  004003  
 Class-1 Gen-99, 003003  004004  
 Class-1 Gen-99, 003003  004004  
 Class-1 Gen-99, 003003  004004  
 Class-1 Gen-99, 002003  002004  
 Class-1 Gen-99, 002003  004004  
 Class-1 Gen-99, 002002  003003  
 Class-1 Gen-99, 003002  003003  
 Class-1 Gen-99, 003002  004002  
 Class-1 Gen-99, 003002  004003  
 Class-1 Gen-99, 003003  002002  
 Class-1 Gen-99, 003003  002002  
 Class-1 Gen-99, 003003  002002  
 Class-1 Gen-99, 002002  003002  
 Class-1 Gen-99, 002002  003003  
 Class-1 Gen-99, 003003  004002  
 Class-1 Gen-99, 003003  004003  
 Class-1 Gen-99, 002004  003003  
 Class-1 Gen-99, 002004  003003  
 Class-1 Gen-99, 003003  002002  
 Class-1 Gen-99, 003003  004002  
 Class-1 Gen-99, 002002  002002  
 Class-1 Gen-99, 003003  004002  
 Class-1 Gen-99, 003003  003003  
 Class-1 Gen-99, 003003  004004  
 Class-1 Gen-99, 002002  002004  
 Class-1 Gen-99, 002002  002004  
 Class-1 Gen-99, 002004  003003  
 Class-1 Gen-99, 002002  004003  
 Class-1 Gen-99, 002002  003003  
 Class-1 Gen-99, 002004  003003  
 Class-1 Gen-99, 002002  004004  
 Class-1 Gen-99, 002003  004004  
 Class-1 Gen-99, 002003  004004  
 Class-1 Gen-99, 003003  002003  
 Class-1 Gen-99, 003003  003002  
 Class-1 Gen-99, 003003  003003  
 Class-1 Gen-99, 003003  002002  
 Class-1 Gen-99, 003003  003004  
 Class-1 Gen-99, 003003  003003  
 Class-1 Gen-99, 002003  004002  
 Class-1 Gen-99, 002003  004004  
 Class-1 Gen-99, 002003  003004  
 Class-1 Gen-99, 003003  003004  
 Class-1 Gen-99, 003003  004004  
 Class-1 Gen-99, 003003  004003  
 Class-1 Gen-99, 002003  002004  
 Class-1 Gen-99, 003003  003002  
 Class-1 Gen-99, 003003  002002  
 Class-1 Gen-99, 002002  004004  
 Class-1 Gen-99, 003003  002004  
 Class-1 Gen-99, 002002  004004  
 Class-1 Gen-99, 003003  003004  
 Class-1 Gen-99, 002002  004003  
 Class-1 Gen-99, 003003  003004  
 Class-1 Gen-99, 003003  002002  
 Class-1 Gen-99, 003003  002002  
 Class-1 Gen-99, 003003  002002  
 Class-1 Gen-99, 003003  002002  
 Class-1 Gen-99, 003002  004003  
 Class-1 Gen-99, 003002  004004  
 Class-1 Gen-99, 003004  004003  
 Class-1 Gen-99, 004002  003003  
 Class-1 Gen-99, 004002  002002  
 Class-1 Gen-99, 004002  002002  
 Class-1 Gen-99, 003003  004004  
 Class-1 Gen-99, 003003  004004  
 Class-1 Gen-99, 003002  002002  
 Class-1 Gen-99, 003002  002002  
 Class-1 Gen-99, 003003  004004  
 Class-1 Gen-99, 003003  004004  
 Class-1 Gen-99, 003002  002002  
 Class-1 Gen-99, 002002  002002  
 Class-1 Gen-99, 002002  002002  
 Class-1 Gen-99, 002003  002002  
 Class-1 Gen-99, 002002  002002  
 Class-1 Gen-99, 002002  002002  
 Class-1 Gen-99, 003003  002002  
 Class-1 Gen-99, 002002  002002  
 Class-1 Gen-99, 003003  002002  
 Class-1 Gen-99, 003003  002002  
 Class-1 Gen-99, 003003  002002  
 Class-1 Gen-99, 003003  002002  
 Class-1 Gen-99, 003003  002002  
 Class-1 Gen-99, 003003  004004  
 Class-1 Gen-99, 003003  004004  
 Class-1 Gen-99, 003003  004004  
 Class-1 Gen-99, 003003  004004  
 Class-1 Gen-99, 002002  004003  
 Class-1 Gen-99, 002002  003003  
 Class-1 Gen-99, 003003  004004  
 Class-1 Gen-99, 003002  004004  
 Class-1 Gen-99, 003003  003003  
 Class-1 Gen-99, 003003  004003  
 Class-1 Gen-99, 003003  002002  
 Class-1 Gen-99, 003002  004003  
 Class-1 Gen-99, 003003  004003  
 Class-1 Gen-99, 003003  003004  
 Class-1 Gen-99, 003002  004004  
 Class-1 Gen-99, 003002  004004  
 Class-1 Gen-99, 003003  002002  
 Class-1 Gen-99, 003003  002004  
 Class-1 Gen-99, 003003  002004  
 Class-1 Gen-99, 003003  004004  
 Class-1 Gen-99, 002003  003003  
 Class-1 Gen-99, 003002  004002  
 Class-1 Gen-99, 003003  004002  
 Class-1 Gen-99, 003003  004002  
 Class-1 Gen-99, 002004  003004  
 Class-1 Gen-99, 003003  004002  
 Class-1 Gen-99, 002003  004004  
 Class-1 Gen-99, 003003  004004  
 Class-1 Gen-99, 003003  004004  
 Class-1 Gen-99, 003004  004004  
 Class-1 Gen-99, 003003  002002  
 Class-1 Gen-99, 002003  002002  
 Class-1 Gen-99, 003003  002002  
 Class-1 Gen-99, 002003  002002  
 Class-1 Gen-99, 003004  002003  
 Class-1 Gen-99, 003004  004004  
 Class-1 Gen-99, 003002  002004  
 Class-1 Gen-99, 004004  002003  
 Class-1 Gen-99, 004004  002003  
 Class-1 Gen-99, 003003  002004  
 Class-1 Gen-99, 003003  004003  
 Class-1 Gen-99, 003003  003003  
 Class-1 Gen-99, 002003  004004  
 Class-1 Gen-99, 003003  004003  
 Class-1 Gen-99, 003003  002002  
 Class-1 Gen-99, 002003  004002  
 Class-1 Gen-99, 003003  002002  
 Class-1 Gen-99, 003002  004004  
 Class-1 Gen-99, 002002  004004  
 Class-1 Gen-99, 002003  002004  
 Class-1 Gen-99, 003003  004004  
 Class-1 Gen-99, 003002  004004  
 Class-1 Gen-99, 002003  002002  
 Class-1 Gen-99, 002003  002002  
 Class-1 Gen-99, 003002  004002  
 Class-1 Gen-99, 003003  004004  
 Class-1 Gen-99, 003003  004003  
 Class-1 Gen-99, 003003  004004  
 Class-1 Gen-99, 002003  002004  
 Class-1 Gen-99, 003003  004004  
 Class-1 Gen-99, 003002  003003  
 Class-1 Gen-99, 003002  003003  
 Class-1 Gen-99, 003003  002004  
 Class-1 Gen-99, 003003  002004  
 Class-1 Gen-99, 003003  002002  
 Class-1 Gen-99, 003003  002002  
 Class-1 Gen-99, 003003  004002  
 Class-1 Gen-99, 003003  004004  
 Class-1 Gen-99, 002003  003003  
 Class-1 Gen-99, 002003  003003  
 Class-1 Gen-99, 003003  003003  
 Class-1 Gen-99, 004003  004004  
 Class-1 Gen-99, 003002  003003  
 Class-1 Gen-99, 003002  003003  
 Class-1 Gen-99, 003002  003004  
 Class-1 Gen-99, 002003  004003  
 Class-1 Gen-99, 003003  004004  
 Class-1 Gen-99, 003002  003004  
 Class-1 Gen-99, 003003  003003  
 Class-1 Gen-99, 003003  003003  
 Class-1 Gen-99, 003003  004003  
 Class-1 Gen-99, 003003  004003  
 Class-1 Gen-99, 003002  003004  
 Class-1 Gen-99, 002003  003002  
 Class-1 Gen-99, 003003  002003  
 Class-1 Gen-99, 002002  002002  
 Class-1 Gen-99, 002003  003002  
 Class-1 Gen-99, 002002  002002  
 Class-1 Gen-99, 003004  003004  
 Class-1 Gen-99, 004002  003004  
 Class-1 Gen-99, 004002  003004  
 Class-1 Gen-99, 002004  003003  
 Class-1 Gen-99, 002002  003003  
 Class-1 Gen-99, 002002  004003  
 Class-1 Gen-99, 002002  004003  
 Class-1 Gen-99, 002002  003003  
 Class-1 Gen-99, 002002  003003  
 Class-1 Gen-99, 002002  003004  
 Class-1 Gen-99, 002002  004004  
 Class-1 Gen-99, 002002  004004  
 Class-1 Gen-99, 002002  003004  
 Class-1 Gen-99, 002002  003004  
 Class-1 Gen-99, 002002  003004  
 Class-1 Gen-99, 002002  004004  
 Class-1 Gen-99, 002004  003004  
 Class-1 Gen-99, 002004  003004  
 Class-1 Gen-99, 002003  003003  
 Class-1 Gen-99, 002002  003004  
 Class-1 Gen-99, 002003  003004  
 Class-1 Gen-99, 002002  003003  
 Class-1 Gen-99, 002003  003003  
 Class-1 Gen-99, 002002  003002  
 Class-1 Gen-99, 003002  003004  
 Class-1 Gen-99, 002002  002004  
 Class-1 Gen-99, 003003  003003  
 Class-1 Gen-99, 002002  002004  
 Class-1 Gen-99, 002002  004004  
 Class-2 Gen-98, 002003  003004  
 Class-2 Gen-98, 003004  004004  
 Class-2 Gen-98, 004003  002002  
 Class-2 Gen-98, 003003  002003  
 Class-2 Gen-98, 002002  004003  
 Class-2 Gen-98, 003003  003003  
 Class-2 Gen-98, 003003  002003  
 Class-2 Gen-98, 003003  003003  
 Class-2 Gen-98, 003002  003002  
 Class-2 Gen-98, 002002  004003  
 Class-2 Gen-98, 003003  004004  
 Class-2 Gen-98, 002002  003003  
 Class-2 Gen-98, 002002  003003  
 Class-2 Gen-98, 002002  003003  
 Class-2 Gen-98, 004004  004002  
 Class-2 Gen-98, 003004  004002  
 Class-2 Gen-98, 003004  004002  
 Class-2 Gen-98, 002002  003003  
 Class-2 Gen-98, 004004  004004  
 Class-2 Gen-98, 003003  003003  
 Class-2 Gen-98, 002003  004004  
 Class-2 Gen-98, 003003  004003  
 Class-2 Gen-98, 002002  003003  
 Class-2 Gen-98, 003002  003003  
 Class-2 Gen-98, 002002  004004  
 Class-2 Gen-98, 002003  002002  
 Class-2 Gen-98, 002004  002002  
 Class-2 Gen-98, 003003  002002  
 Class-2 Gen-98, 002002  004002  
 Class-2 Gen-98, 002004  003003  
 Class-2 Gen-98, 002002  002002  
 Class-2 Gen-98, 002002  002002  
 Class-2 Gen-98, 002002  002002  
 Class-2 Gen-98, 002002  002002  
 Class-2 Gen-98, 002002  002002  
 Class-2 Gen-98, 003002  002002  
 Class-2 Gen-98, 002003  002002  
 Class-2 Gen-98, 002002  002004  
 Class-2 Gen-98, 003003  002003  
 Class-2 Gen-98, 002002  003004  
 Class-2 Gen-98, 003002  004003  
 Class-2 Gen-98, 003003  003003  
 Class-2 Gen-98, 003003  002002  
 Class-2 Gen-98, 003003  004002  
 Class-2 Gen-98, 002003  002002  
 Class-2 Gen-98, 002002  003003  
 Class-2 Gen-98, 003002  003002  
 Class-2 Gen-98, 003003  003004  
 Class-2 Gen-98, 004002  002002  
 Class-2 Gen-98, 003002  002002  
 Class-2 Gen-98, 003003  004003  
 Class-2 Gen-98, 002002  004003  
 Class-2 Gen-98, 002002  003004  
 Class-2 Gen-98, 002002  002004  
 Class-2 Gen-98, 002002  003003  
 Class-2 Gen-98, 003002  004004  
 Class-2 Gen-98, 002002  003004  
 Class-2 Gen-98, 003003  002002  
 Class-2 Gen-98, 002002  003003  
 Class-2 Gen-98, 002002  003003  
 Class-3 Gen-96, 002003  003004  
 Class-3 Gen-98, 003003  003003  
 Class-3 Gen-97, 003003  004004  
 Class-3 Gen-98, 003003  003003  
 Class-3 Gen-98, 003003  003003  
 Class-3 Gen-98, 002003  003003  
 Class-3 Gen-97, 003003  004004  
 Class-3 Gen-98, 003002  002002  
 Class-3 Gen-98, 002002  002002  
 Class-3 Gen-98, 002002  004003  
 Class-3 Gen-98, 004004  002002  
 Class-3 Gen-98, 003003  004004  
 Class-3 Gen-98, 002003  002002  
 Class-3 Gen-98, 002004  002002  
 Class-3 Gen-97, 003004  004002  
 Class-3 Gen-98, 002002  002002  
 Class-3 Gen-98, 003003  004004  
 Class-3 Gen-95, 002002  003003  
 Class-3 Gen-98, 003004  003002  
 Class-3 Gen-98, 002004  003004  
 Class-3 Gen-98, 003003  003003  
 Class-3 Gen-98, 003003  003004  
 Class-3 Gen-97, 002002  004003  
 Class-3 Gen-97, 002002  004003  
 Class-3 Gen-98, 003003  004004  
 Class-3 Gen-98, 002002  002002  
 Class-3 Gen-98, 003002  004004  
 Class-3 Gen-98, 002002  004003  
 Class-3 Gen-98, 002002  003003  
 Class-3 Gen-97, 003003  004002  
 Class-3 Gen-97, 003002  003003  
 Class-3 Gen-98, 003002  004003  
 Class-3 Gen-97, 002004  003003  
 Class-3 Gen-97, 002002  004003  
 Class-3 Gen-98, 002002  004003  
 Class-4 Gen-96, 003003  004004  
 Class-4 Gen-96, 003002  004004  
 Class-4 Gen-97, 002003  004002  
 Class-4 Gen-97, 002002  003003  
 Class-4 Gen-97, 002003  004004  
 Class-4 Gen-97, 003003  004004  
 Class-4 Gen-97, 002003  003004  
 Class-4 Gen-97, 002003  002002  
 Class-4 Gen-97, 003003  004004  
 Class-4 Gen-97, 003002  004004  
 Class-4 Gen-97, 003003  004004  
 Class-4 Gen-97, 003002  002002  
 Class-4 Gen-97, 003003  002002  
 Class-4 Gen-97, 003002  004003  
 Class-4 Gen-97, 003003  002002  
 Class-4 Gen-97, 003003  003003  
 Class-4 Gen-97, 003003  002003  
 Class-4 Gen-97, 003003  002002  
 Class-4 Gen-97, 003004  004003  
 Class-4 Gen-97, 002003  002004  
 Class-4 Gen-97, 003003  004004  
 Class-4 Gen-97, 003003  004004  
 Class-4 Gen-97, 003002  004003  
 Class-4 Gen-97, 003002  004003  
 Class-4 Gen-97, 002002  003003  
 Class-4 Gen-97, 003003  002002  
 Class-4 Gen-97, 003004  002002  
 Class-4 Gen-97, 003003  002004  
 Class-4 Gen-97, 002002  003003  
 Class-4 Gen-97, 002002  003003  
 Class-4 Gen-97, 003003  004004  
 Class-4 Gen-97, 003002  003003  
 Class-4 Gen-97, 004002  004004  
 Class-4 Gen-97, 003003  002002  
 Class-4 Gen-97, 003002  004003  
 Class-4 Gen-97, 002003  002003  
 Class-4 Gen-97, 003002  002002  
 Class-4 Gen-97, 004002  002004  
 Class-4 Gen-97, 003002  002004  
 Class-4 Gen-97, 003003  004003  
 Class-4 Gen-97, 002003  002002  
 Class-4 Gen-97, 002002  003003  
 Class-4 Gen-97, 002002  004003  
 Class-4 Gen-97, 002002  004003  
 Class-5 Gen-97, 002002  003003  
 Class-5 Gen-97, 003003  002004  
 Class-5 Gen-97, 004003  004004  
 Class-5 Gen-97, 003002  004004  
 Class-5 Gen-96, 002002  003003  
 Class-5 Gen-97, 004002  003003  
 Class-5 Gen-97, 003003  003002  
 Class-5 Gen-97, 003002  003003  
 Class-5 Gen-97, 002003  002003  
POP
Class-6 Gen-99, 002003  002002  
 Class-6 Gen-99, 003003  002003  
 Class-6 Gen-99, 003003  002004  
 Class-6 Gen-99, 003003  004004  
 Class-6 Gen-99, 002003  004004  
 Class-6 Gen-99, 003003  004004  
 Class-6 Gen-99, 003003  004004  
 Class-6 Gen-99, 003003  003004  
 Class-6 Gen-99, 004003  003002  
 Class-6 Gen-99, 002003  003003  
 Class-6 Gen-99, 004004  004004  
 Class-6 Gen-99, 004003  002002  
 Class-6 Gen-99, 003003  004004  
 Class-6 Gen-99, 003003  002004  
 Class-6 Gen-99, 004004  004004  
 Class-6 Gen-99, 003003  004004  
 Class-6 Gen-99, 003003  004002  
 Class-6 Gen-99, 002003  002004  
 Class-6 Gen-99, 002003  003002  
 Class-6 Gen-99, 003003  004002  
 Class-6 Gen-99, 003003  003002  
 Class-6 Gen-99, 003003  002002  
 Class-6 Gen-99, 003003  002002  
 Class-6 Gen-99, 003002  002002  
 Class-6 Gen-99, 003003  002002  
 Class-6 Gen-99, 003003  002002  
 Class-6 Gen-99, 003003  002002  
 Class-6 Gen-99, 002002  004003  
 Class-6 Gen-99, 003002  003004  
 Class-6 Gen-99, 003003  002002  
 Class-6 Gen-99, 003003  002002  
 Class-6 Gen-99, 003003  002002  
 Class-6 Gen-99, 002002  004002  
 Class-6 Gen-99, 003003  004003  
 Class-6 Gen-99, 002003  004004  
 Class-6 Gen-99, 002003  004004  
 Class-6 Gen-99, 003002  004002  
 Class-6 Gen-99, 003003  002002  
 Class-6 Gen-99, 003003  004004  
 Class-6 Gen-99, 004003  002002  
 Class-6 Gen-99, 003003  002002  
 Class-6 Gen-99, 003003  004004  
 Class-6 Gen-99, 003003  004004  
 Class-6 Gen-99, 003003  004004  
 Class-6 Gen-99, 003003  004004  
 Class-6 Gen-99, 003003  004004  
 Class-6 Gen-99, 003003  004004  
 Class-6 Gen-99, 003003  004004  
 Class-6 Gen-99, 003003  004004  
 Class-6 Gen-99, 003003  004004  
 Class-6 Gen-99, 002002  003003  
 Class-6 Gen-99, 003003  002002  
 Class-6 Gen-99, 003003  002002  
 Class-6 Gen-99, 003003  002002  
 Class-6 Gen-99, 003003  002002  
 Class-6 Gen-99, 002002  003004  
 Class-6 Gen-99, 004004  002002  
 Class-6 Gen-99, 003004  003002  
 Class-6 Gen-99, 003003  002002  
 Class-6 Gen-99, 003003  002002  
 Class-6 Gen-99, 003004  002002  
 Class-6 Gen-99, 003003  002004  
 Class-6 Gen-99, 002002  003003  
 Class-6 Gen-99, 004002  003003  
 Class-6 Gen-99, 003003  004003  
 Class-6 Gen-99, 003003  003004  
 Class-6 Gen-99, 004002  003004  
 Class-6 Gen-99, 002002  003003  
 Class-6 Gen-99, 002002  003003  
 Class-6 Gen-99, 002002  003002  
 Class-6 Gen-99, 002003  004002  
 Class-6 Gen-99, 002003  004004  
 Class-6 Gen-99, 004003  002002  
 Class-6 Gen-99, 002002  004002  
 Class-6 Gen-99, 002002  004002  
 Class-7 Gen-99, 003003  004002  
 Class-7 Gen-99, 003003  004004  
 Class-7 Gen-99, 003003  002002  
 Class-7 Gen-99, 003003  004004  
 Class-7 Gen-99, 003003  003002  
 Class-7 Gen-99, 002003  003002  
 Class-7 Gen-99, 003003  004002  
 Class-7 Gen-99, 003003  004002  
 Class-7 Gen-99, 003003  004004  
 Class-7 Gen-99, 003003  002002  
 Class-7 Gen-99, 003003  004004  
 Class-7 Gen-99, 003003  004004  
 Class-7 Gen-99, 004002  003004  
 Class-7 Gen-99, 003002  003004  
 Class-7 Gen-99, 003002  004004  
 Class-7 Gen-99, 003003  004003  
 Class-7 Gen-99, 002003  004002  
 Class-7 Gen-99, 002002  003003  
 Class-7 Gen-99, 002003  003003  
 Class-7 Gen-99, 003003  004004  
 Class-7 Gen-99, 004003  004004  
 Class-7 Gen-99, 003002  003002  
 Class-7 Gen-99, 002003  003002  
 Class-7 Gen-99, 003003  003003  
 Class-7 Gen-99, 002003  003002  
 Class-7 Gen-99, 003003  003002  
 Class-7 Gen-99, 003003  002002  
 Class-7 Gen-99, 003003  002003  
 Class-7 Gen-99, 003003  002002  
 Class-7 Gen-99, 002003  002002  
 Class-7 Gen-99, 002002  002003  
POP
Class-12 Gen-99, 002002  002003  
 Class-12 Gen-99, 002002  003003  
 Class-12 Gen-99, 002002  004004  
 Class-12 Gen-99, 002002  003003  
 Class-12 Gen-99, 002002  004002  
 Class-12 Gen-99, 002002  002004  
 Class-12 Gen-99, 002002  002004  
 Class-12 Gen-99, 002002  004002  
 Class-12 Gen-99, 002002  004004  
 Class-12 Gen-99, 002002  002002  
 Class-12 Gen-99, 002002  004002  
 Class-12 Gen-99, 002002  002002  
 Class-12 Gen-99, 002002  002004  
 Class-12 Gen-99, 002002  004003  
 Class-12 Gen-99, 002002  004004  
 Class-12 Gen-99, 002002  002003  
 Class-12 Gen-99, 002002  004003  
 Class-12 Gen-99, 002002  003003  
 Class-12 Gen-99, 002002  003003  
 Class-12 Gen-99, 002002  003003  
 Class-12 Gen-99, 002002  004003  
 Class-12 Gen-99, 002002  003003  
 Class-12 Gen-99, 002002  003003  
 Class-12 Gen-99, 002002  004004  
 Class-12 Gen-99, 002002  002003  
 Class-12 Gen-99, 002002  003004  
 Class-12 Gen-99, 002002  003003  
 Class-12 Gen-99, 002002  003003  
 Class-12 Gen-99, 002003  004003  
 Class-12 Gen-99, 003003  004004  
 Class-12 Gen-99, 002002  004003  
 Class-12 Gen-99, 002003  004003  
 Class-12 Gen-99, 003003  004003  
 Class-12 Gen-99, 003003  004003  
 Class-12 Gen-99, 002002  003003  
 Class-12 Gen-99, 002002  003003  
 Class-12 Gen-99, 002002  003003  
 Class-12 Gen-99, 002002  003003  
 Class-12 Gen-99, 002002  003003  
 Class-12 Gen-99, 002002  003003  
 Class-12 Gen-99, 002002  003003  
 Class-12 Gen-99, 002002  004003  
 Class-12 Gen-99, 002003  004004  
 Class-12 Gen-99, 002002  002003  
 Class-12 Gen-99, 002002  003004  
 Class-12 Gen-99, 002003  003004  
 Class-12 Gen-99, 002003  003004  
 Class-12 Gen-99, 002003  004004  
 Class-12 Gen-99, 002002  004004  
 Class-12 Gen-99, 002002  004004  
 Class-12 Gen-99, 002002  004004  
 Class-12 Gen-99, 002002  004004  
 Class-12 Gen-99, 002002  004004  
 Class-12 Gen-99, 003002  003003  
 Class-12 Gen-99, 002002  003002  
 Class-12 Gen-99, 002002  003003  
 Class-12 Gen-99, 002003  003002  
 Class-12 Gen-99, 002002  004004  
 Class-12 Gen-99, 002002  004003  
 Class-12 Gen-99, 002002  003003  
 Class-12 Gen-99, 003002  003003  
 Class-12 Gen-99, 002002  004004  
 Class-12 Gen-99, 003002  003003  
 Class-12 Gen-99, 003003  004003  
 Class-12 Gen-99, 003002  003003  
 Class-12 Gen-99, 003003  004003  
 Class-12 Gen-99, 002002  003002  
 Class-12 Gen-99, 002002  004004  
 Class-12 Gen-99, 002002  004004  
 Class-12 Gen-99, 002002  002002  
 Class-12 Gen-99, 002002  004003  
 Class-12 Gen-99, 002002  004003  
 Class-12 Gen-99, 002002  003002  
 Class-12 Gen-99, 002003  003003  
 Class-12 Gen-99, 002002  003003  
 Class-12 Gen-99, 002002  003004  
 Class-12 Gen-99, 002002  002003  
 Class-12 Gen-99, 002002  003003  
 Class-12 Gen-99, 002002  003003  
 Class-12 Gen-99, 002002  004004  
 Class-12 Gen-99, 002002  003004  
 Class-12 Gen-99, 002002  003004  
 Class-12 Gen-99, 002002  002004  
 Class-12 Gen-99, 002002  004003  
 Class-12 Gen-99, 002002  004003  
 Class-12 Gen-99, 002002  004003  
 Class-12 Gen-99, 003002  004003  
 Class-12 Gen-99, 003002  003004  
 Class-12 Gen-99, 002002  003003  
 Class-12 Gen-99, 002003  003004  
 Class-12 Gen-99, 002003  003004  
 Class-12 Gen-99, 002003  003004  
 Class-12 Gen-99, 002003  003004  
 Class-12 Gen-99, 002003  003004  
 Class-12 Gen-99, 002003  003003  
 Class-12 Gen-99, 002002  004004  
 Class-12 Gen-99, 002002  004004  
 Class-12 Gen-99, 002002  002002  
 Class-12 Gen-99, 003002  003002  
 Class-12 Gen-99, 002002  003002  
 Class-12 Gen-99, 002002  003003  
 Class-12 Gen-99, 002002  003003  
 Class-12 Gen-99, 002003  002003  
 Class-12 Gen-99, 003003  003003  
 Class-12 Gen-99, 003002  003003  
 Class-12 Gen-99, 002002  002004  
 Class-12 Gen-99, 002002  003003  
 Class-12 Gen-99, 002002  002002  
 Class-12 Gen-99, 002002  004004  
 Class-12 Gen-99, 002002  004004  
 Class-12 Gen-99, 002003  003003  
 Class-12 Gen-99, 002003  003002  
 Class-12 Gen-99, 004002  003003  
 Class-12 Gen-99, 003002  003003  
 Class-12 Gen-99, 002002  003002  
 Class-12 Gen-99, 002002  003003  
 Class-12 Gen-99, 002002  003002  
 Class-12 Gen-99, 002002  003003  
 Class-12 Gen-99, 002002  004002  
 Class-12 Gen-99, 002002  004003  
 Class-12 Gen-99, 002002  004003  
 Class-12 Gen-99, 002002  004003  
 Class-12 Gen-99, 002002  004002  
 Class-12 Gen-99, 002003  003003  
 Class-12 Gen-99, 003002  003003  
 Class-12 Gen-99, 002002  003003  
 Class-12 Gen-99, 002002  002002  
 Class-12 Gen-99, 002002  004002  
 Class-12 Gen-99, 002002  003004  
 Class-12 Gen-99, 002002  002002  
 Class-12 Gen-99, 002002  004002  
 Class-12 Gen-99, 002002  004002  
 Class-12 Gen-99, 002002  004002  
 Class-12 Gen-99, 002002  004003  
 Class-12 Gen-99, 002002  004003  
 Class-12 Gen-99, 002002  004003  
 Class-12 Gen-99, 002002  003003  
 Class-12 Gen-99, 002002  004004  
 Class-12 Gen-99, 002002  004004  
 Class-12 Gen-99, 002002  003004  
 Class-12 Gen-99, 002002  002002  
 Class-12 Gen-99, 002002  002002  
 Class-12 Gen-99, 002002  003004  
 Class-12 Gen-99, 002002  003003  
 Class-12 Gen-99, 002002  004003  
 Class-12 Gen-99, 002002  003004  
 Class-12 Gen-99, 002002  002002  
 Class-12 Gen-99, 002002  002002  
 Class-12 Gen-99, 002002  003004  
 Class-12 Gen-99, 002002  002002  
 Class-12 Gen-99, 002002  002002  
 Class-12 Gen-99, 003003  004004  
 Class-12 Gen-99, 002002  003003  
 Class-12 Gen-99, 003002  004003  
 Class-12 Gen-99, 002003  003004  
 Class-12 Gen-99, 002002  003004  
 Class-12 Gen-99, 002002  003003  
 Class-12 Gen-99, 002002  002003  
 Class-12 Gen-99, 002002  003002  
 Class-12 Gen-99, 002002  002003  
 Class-12 Gen-99, 002002  003003  
 Class-12 Gen-99, 002002  004003  
 Class-12 Gen-99, 002003  003003  
 Class-12 Gen-99, 002002  003003  
 Class-12 Gen-99, 002003  003003  
 Class-12 Gen-99, 002003  003003  
 Class-12 Gen-99, 002003  003003  
 Class-12 Gen-99, 003002  002002  
 Class-12 Gen-99, 002002  003003  
 Class-12 Gen-99, 002002  002002  
 Class-12 Gen-99, 002002  002003  
 Class-12 Gen-99, 002002  003002  
 Class-12 Gen-99, 002002  003003  
 Class-12 Gen-99, 002002  004003  
 Class-12 Gen-99, 002002  002003  
 Class-12 Gen-99, 002003  003003  
 Class-12 Gen-99, 002002  003003  
 Class-12 Gen-99, 002002  003003  
 Class-12 Gen-99, 003002  003003  
 Class-12 Gen-99, 002003  004003  
 Class-12 Gen-99, 002002  003004  
 Class-12 Gen-99, 002002  003004  
 Class-12 Gen-99, 002002  002004  
 Class-12 Gen-99, 002002  002002  
 Class-12 Gen-99, 002002  002002  
 Class-12 Gen-99, 002002  003002  
 Class-12 Gen-99, 002002  004004  
 Class-12 Gen-99, 002003  004004  
 Class-12 Gen-99, 002002  002004  
 Class-12 Gen-99, 002002  002004  
 Class-12 Gen-99, 003002  003003  
 Class-12 Gen-99, 003003  003003  
 Class-12 Gen-99, 003003  003003  
 Class-12 Gen-99, 002003  002003  
 Class-12 Gen-99, 002002  003003  
 Class-12 Gen-99, 002002  003003  
 Class-12 Gen-99, 003002  004003  
 Class-12 Gen-99, 003002  004004  
 Class-12 Gen-99, 003002  004004  
 Class-12 Gen-99, 002002  004004  
 Class-12 Gen-99, 002002  004004  
 Class-12 Gen-99, 003003  003003  
 Class-12 Gen-99, 002002  004004  
 Class-12 Gen-99, 002002  003003  
 Class-12 Gen-99, 002002  003004  
 Class-12 Gen-99, 002002  004002  
 Class-12 Gen-99, 003002  003003  
 Class-12 Gen-99, 002002  003003  
 Class-12 Gen-99, 003002  003003  
 Class-12 Gen-99, 003002  003003  
 Class-12 Gen-99, 002003  003003  
 Class-12 Gen-99, 003002  003004  
 Class-12 Gen-99, 003003  003004  
 Class-12 Gen-99, 002002  003003  
 Class-12 Gen-99, 003002  004002  
 Class-12 Gen-99, 002002  004003  
 Class-12 Gen-99, 002003  004003  
 Class-12 Gen-99, 002002  003003  
 Class-12 Gen-99, 002002  003002  
 Class-12 Gen-99, 002002  003002  
 Class-12 Gen-99, 002002  003003  
 Class-12 Gen-99, 002002  003002  
 Class-12 Gen-99, 002002  003002  
 Class-12 Gen-99, 002002  003002  
 Class-12 Gen-99, 002002  002004  
 Class-12 Gen-99, 002002  002002  
 Class-12 Gen-99, 002002  002004  
 Class-12 Gen-99, 002002  003004  
 Class-12 Gen-99, 002002  003004  
 Class-12 Gen-99, 002002  003002  
 Class-12 Gen-99, 002002  003002  
 Class-12 Gen-99, 002002  002004  
 Class-12 Gen-99, 002002  002002  
 Class-12 Gen-99, 002002  003003  
 Class-12 Gen-99, 002002  004004  
 Class-12 Gen-99, 002002  004003  
 Class-12 Gen-99, 002002  003003  
 Class-12 Gen-99, 002002  003004  
 Class-12 Gen-99, 002002  003004  
 Class-12 Gen-99, 002002  003003  
 Class-12 Gen-99, 002002  002004  
 Class-12 Gen-99, 002002  003003  
 Class-12 Gen-99, 002002  003003  
 Class-12 Gen-99, 002002  003003  
 Class-12 Gen-99, 002003  003002  
 Class-12 Gen-99, 002003  002002  
 Class-12 Gen-99, 002002  003002  
 Class-12 Gen-99, 002002  003003  
 Class-12 Gen-99, 002002  004003  
 Class-12 Gen-99, 002002  004004  
 Class-12 Gen-99, 002002  003003  
 Class-12 Gen-99, 002002  003003  
 Class-12 Gen-99, 002003  003004  
 Class-12 Gen-99, 002002  002002  
 Class-12 Gen-99, 003002  003003  
 Class-12 Gen-99, 002002  003003  
 Class-12 Gen-99, 002002  003004  
 Class-12 Gen-99, 002002  002003  
 Class-12 Gen-99, 002002  002003  
 Class-12 Gen-99, 002002  002003  
 Class-12 Gen-99, 002002  002003  
 Class-12 Gen-99, 003003  004004  
 Class-12 Gen-99, 002002  004004  
 Class-12 Gen-99, 003002  003003  
 Class-12 Gen-99, 002002  004004  
 Class-12 Gen-99, 002002  003003  
 Class-12 Gen-99, 002002  002004  
 Class-12 Gen-99, 002004  003003  
 Class-12 Gen-99, 002003  003003  
 Class-12 Gen-99, 002002  003003  
 Class-12 Gen-99, 003003  002003  
 Class-12 Gen-99, 003002  003003  
 Class-12 Gen-99, 002002  004004  
 Class-12 Gen-99, 002002  004004  
 Class-12 Gen-99, 002002  003004  
 Class-12 Gen-99, 002002  004004  
 Class-12 Gen-99, 002002  003004  
 Class-12 Gen-99, 002002  003003  
 Class-12 Gen-99, 002003  003003  
 Class-12 Gen-99, 002002  003003  
 Class-12 Gen-99, 002002  002003  
 Class-12 Gen-99, 002003  002002  
 Class-12 Gen-99, 002002  002002  
 Class-12 Gen-99, 002002  002002  
 Class-12 Gen-99, 002003  003002  
 Class-12 Gen-99, 002002  002002  
 Class-12 Gen-99, 002002  002002  
 Class-12 Gen-99, 002002  002002  
 Class-12 Gen-99, 002002  002002  
 Class-12 Gen-99, 002002  002002  
 Class-12 Gen-99, 002003  002004  
 Class-12 Gen-99, 003003  002003  
 Class-12 Gen-99, 003003  002003  
 Class-12 Gen-99, 004003  002004  
 Class-12 Gen-99, 002002  003002  
 Class-12 Gen-99, 002002  004002  
 Class-12 Gen-99, 002002  003003  
 Class-12 Gen-99, 003003  004004  
 Class-12 Gen-99, 003003  002002  
 Class-12 Gen-99, 002003  003003  
 Class-12 Gen-99, 003003  003004  
 Class-12 Gen-99, 002002  003004  
 Class-12 Gen-99, 002002  003004  
 Class-12 Gen-99, 002002  002002  
 Class-12 Gen-99, 002003  002004  
 Class-12 Gen-99, 002002  002002  
 Class-12 Gen-99, 002002  002002  
 Class-13 Gen-99, 002002  003003  
 Class-13 Gen-99, 002002  004003  
 Class-13 Gen-99, 002002  004004  
 Class-13 Gen-99, 002002  004004  
 Class-13 Gen-99, 002002  004004  
 Class-13 Gen-99, 003003  004004  
 Class-13 Gen-99, 002002  003003  
 Class-13 Gen-99, 002002  003003  
 Class-13 Gen-99, 002002  004003  
 Class-13 Gen-99, 002003  003004  
 Class-13 Gen-99, 002002  003003  
 Class-13 Gen-99, 002002  003004  
 Class-13 Gen-99, 002002  003004  
 Class-13 Gen-99, 002002  004004  
 Class-13 Gen-99, 002003  004004  
 Class-13 Gen-99, 002003  003003  
 Class-13 Gen-99, 003003  003002  
 Class-13 Gen-99, 002002  004003  
 Class-13 Gen-99, 003002  003003  
 Class-13 Gen-99, 003002  003003  
 Class-13 Gen-99, 003002  004003  
 Class-13 Gen-99, 002002  003002  
 Class-13 Gen-99, 002002  002002  
 Class-13 Gen-99, 002002  004003  
 Class-13 Gen-99, 002002  003004  
 Class-13 Gen-99, 002002  003002  
 Class-13 Gen-99, 002002  003003  
 Class-13 Gen-99, 002002  003003  
 Class-13 Gen-99, 002002  003003  
 Class-13 Gen-99, 002002  003003  
 Class-13 Gen-99, 002002  003003  
 Class-13 Gen-99, 002002  004004  
 Class-13 Gen-99, 002002  004004  
 Class-13 Gen-99, 002002  003004  
 Class-13 Gen-99, 002002  003003  
 Class-13 Gen-99, 002002  003004  
 Class-13 Gen-99, 002002  004003  
 Class-13 Gen-99, 002002  002004  
 Class-13 Gen-99, 003002  004004  
 Class-13 Gen-99, 002002  004004  
 Class-13 Gen-99, 002002  002004  
 Class-13 Gen-99, 002002  004004  
 Class-13 Gen-99, 002003  003004  
 Class-13 Gen-99, 002002  004002  
 Class-13 Gen-99, 002002  004002  
 Class-13 Gen-99, 002002  003002  
 Class-13 Gen-99, 002002  003003  
 Class-13 Gen-99, 002002  002002  
 Class-13 Gen-99, 002002  002004  
 Class-13 Gen-99, 002002  002002  
 Class-13 Gen-99, 002002  002002  
 Class-13 Gen-99, 002002  002004  
 Class-13 Gen-99, 002002  004004  
 Class-13 Gen-99, 002002  003002  
 Class-13 Gen-99, 002002  003003  
 Class-13 Gen-99, 002002  004002  
 Class-13 Gen-99, 002002  004002  
 Class-13 Gen-99, 002002  003004  
 Class-13 Gen-99, 002002  003003  
 Class-13 Gen-99, 003003  002003  
 Class-13 Gen-99, 002003  003003  
 Class-13 Gen-99, 002002  004003  
 Class-13 Gen-99, 002002  004003  
 Class-13 Gen-99, 002002  004002  
 Class-13 Gen-99, 002002  004002  
 Class-13 Gen-99, 002002  003003  
 Class-13 Gen-99, 002002  003004  
 Class-13 Gen-99, 002002  003003  
 Class-13 Gen-99, 002002  003003  
 Class-13 Gen-99, 002002  003003  
 Class-13 Gen-99, 002002  003003  
 Class-13 Gen-99, 003003  004003  
 Class-13 Gen-99, 002002  003003  
 Class-13 Gen-99, 003003  003004  
 Class-13 Gen-99, 002002  003002  
 Class-13 Gen-99, 003002  003003  
 Class-13 Gen-99, 002002  002002  
 Class-13 Gen-99, 002002  002003  
 Class-13 Gen-99, 002002  003003  
 Class-13 Gen-99, 002002  003002  
 Class-13 Gen-99, 003003  004003  
 Class-13 Gen-99, 002003  004003  
 Class-13 Gen-99, 002002  003003  
 Class-13 Gen-99, 002002  003002  
 Class-13 Gen-99, 003002  002002  
 Class-13 Gen-99, 003002  002003  
 Class-13 Gen-99, 003002  002003  
 Class-13 Gen-99, 003002  003003  
 Class-13 Gen-99, 003002  002002  
 Class-13 Gen-99, 002002  004004  
 Class-13 Gen-99, 002002  002003  
 Class-13 Gen-99, 002002  002003  
 Class-13 Gen-99, 002002  002003  
 Class-13 Gen-99, 002002  003004  
 Class-13 Gen-99, 002002  003004  
 Class-13 Gen-99, 002002  004003  
 Class-13 Gen-99, 002003  004003  
 Class-13 Gen-99, 003002  002003  
 Class-13 Gen-99, 002002  004004  
 Class-13 Gen-99, 002002  002002  
 Class-13 Gen-99, 002002  002004  
 Class-13 Gen-99, 003003  003003  
 Class-13 Gen-99, 002002  004004  
 Class-13 Gen-99, 002003  004004  
 Class-13 Gen-99, 002002  004002  
 Class-13 Gen-99, 002002  003002  
 Class-13 Gen-99, 003002  002003  
 Class-13 Gen-99, 002003  002003  
 Class-13 Gen-99, 003002  003003  
 Class-13 Gen-99, 003002  003003  
 Class-13 Gen-99, 003003  004003  
 Class-13 Gen-99, 003002  004004  
 Class-13 Gen-99, 002002  004002  
 Class-13 Gen-99, 002002  003003  
 Class-13 Gen-99, 002002  003002  
 Class-13 Gen-99, 002002  003004  
 Class-13 Gen-99, 002002  003004  
 Class-13 Gen-99, 002003  003003  
 Class-13 Gen-99, 002002  004004  
 Class-13 Gen-99, 002002  004003  
 Class-13 Gen-99, 002002  004003  
 Class-13 Gen-99, 002002  003003  
 Class-13 Gen-99, 002003  004003  
 Class-13 Gen-99, 002002  004003  
 Class-13 Gen-99, 002002  003003  
 Class-13 Gen-99, 002002  003002  
 Class-13 Gen-99, 002002  002002  
 Class-13 Gen-99, 002002  002004  
 Class-13 Gen-99, 002002  002002  
 Class-13 Gen-99, 002002  003004  
 Class-13 Gen-99, 002002  004002  
 Class-13 Gen-99, 002002  002004  
 Class-13 Gen-99, 002002  002002  
 Class-13 Gen-99, 002002  004004  
 Class-13 Gen-99, 002002  003004  
 Class-13 Gen-99, 002002  003003  
 Class-13 Gen-99, 002002  003003  
 Class-13 Gen-99, 002002  003003  
 Class-13 Gen-99, 002002  002002  
 Class-13 Gen-99, 002002  003003  
 Class-13 Gen-99, 002002  003002  
 Class-13 Gen-99, 002003  003004  
 Class-13 Gen-99, 002003  003004  
 Class-13 Gen-99, 003002  003004  
 Class-13 Gen-99, 002002  003004  
 Class-13 Gen-99, 003002  003004  
 Class-13 Gen-99, 002003  003003  
 Class-13 Gen-99, 002003  003003  
 Class-13 Gen-99, 002002  002003  
 Class-13 Gen-99, 002002  003003  
 Class-13 Gen-99, 002002  002003  
 Class-13 Gen-99, 002002  002004  
 Class-13 Gen-99, 002003  003002  
 Class-13 Gen-99, 002003  003002  
 Class-13 Gen-99, 002003  002002  
 Class-13 Gen-99, 002003  002002  
 Class-13 Gen-99, 002002  002003  
 Class-13 Gen-99, 002003  003003  
 Class-13 Gen-99, 002002  003004  
 Class-13 Gen-99, 003002  002003  
 Class-13 Gen-99, 003003  002002  
 Class-13 Gen-99, 003002  002003  
 Class-13 Gen-99, 002002  004003  
 Class-13 Gen-99, 002002  003003  
 Class-13 Gen-99, 002003  003003  
 Class-13 Gen-99, 002002  003003  
 Class-13 Gen-99, 002002  003003  
 Class-13 Gen-99, 002002  003003  
 Class-13 Gen-99, 002002  002002  
 Class-13 Gen-99, 002002  003003  
 Class-13 Gen-99, 003003  003003  
 Class-13 Gen-99, 003003  002003  
 Class-13 Gen-99, 003003  002003  
 Class-13 Gen-99, 002002  003003  
 Class-13 Gen-99, 002002  004002  
 Class-13 Gen-99, 002002  003002  
 Class-13 Gen-99, 002002  002002  
 Class-13 Gen-99, 002002  003004  
 Class-13 Gen-99, 002002  003003  
 Class-13 Gen-99, 002002  002002  
 Class-13 Gen-99, 002002  003003  
 Class-13 Gen-99, 003003  003002  
 Class-13 Gen-99, 002003  003003  
 Class-13 Gen-99, 002002  003003  
 Class-13 Gen-99, 003002  003003  
 Class-13 Gen-99, 003002  003002  
 Class-13 Gen-99, 002002  002002  
 Class-13 Gen-99, 002002  002002  
 Class-13 Gen-99, 002003  003003  
 Class-13 Gen-99, 002002  003004  
 Class-13 Gen-99, 003002  003002  
 Class-13 Gen-99, 003002  003003  
 Class-13 Gen-99, 002002  004002  
 Class-13 Gen-99, 002002  002002  
 Class-13 Gen-99, 002002  002002  
 Class-13 Gen-99, 002002  002002  
 Class-13 Gen-99, 002002  002002  
 Class-13 Gen-99, 002002  002002  
 Class-13 Gen-99, 002002  004003  
 Class-13 Gen-99, 002002  002004  
 Class-13 Gen-99, 002002  002004  
 Class-13 Gen-99, 002002  002004  
 Class-14 Gen-98, 002003  003004  
 Class-14 Gen-98, 002002  003003  
 Class-14 Gen-98, 002002  004003  
 Class-14 Gen-98, 002002  002003  
 Class-14 Gen-98, 002002  002002  
 Class-14 Gen-98, 002002  004002  
 Class-14 Gen-98, 002002  003003  
 Class-14 Gen-98, 002002  004004  
 Class-14 Gen-98, 003002  004004  
 Class-14 Gen-98, 002002  003003  
 Class-14 Gen-98, 002002  003004  
 Class-14 Gen-98, 002002  004004  
 Class-14 Gen-98, 002002  004003  
 Class-14 Gen-98, 002003  004004  
 Class-14 Gen-98, 002003  004004  
 Class-14 Gen-98, 002002  004004  
 Class-14 Gen-98, 002003  004004  
 Class-14 Gen-98, 002002  002004  
 Class-14 Gen-98, 002002  003003  
 Class-14 Gen-98, 003003  002003  
 Class-14 Gen-98, 002002  004003  
 Class-14 Gen-98, 002002  002002  
 Class-14 Gen-98, 002003  004004  
 Class-14 Gen-98, 002002  003004  
 Class-14 Gen-98, 002002  002002  
 Class-14 Gen-98, 002003  002003  
 Class-14 Gen-98, 002002  003003  
 Class-14 Gen-98, 002002  003004  
 Class-14 Gen-98, 002003  003004  
 Class-14 Gen-98, 002003  003003  
 Class-14 Gen-98, 002002  002003  
 Class-14 Gen-98, 002002  004003  
 Class-14 Gen-98, 003003  004004  
 Class-14 Gen-98, 003003  004004  
 Class-14 Gen-98, 002002  003003  
 Class-14 Gen-98, 003003  002003  
 Class-14 Gen-98, 002002  003003  
 Class-14 Gen-98, 002002  002002  
 Class-15 Gen-98, 002002  002003  
 Class-15 Gen-98, 002002  003003  
 Class-15 Gen-98, 002002  004004  
 Class-15 Gen-98, 002003  002003  
 Class-15 Gen-98, 002002  003004  
 Class-15 Gen-98, 002003  004004  
 Class-15 Gen-98, 002003  003003  
 Class-15 Gen-98, 002002  003004  
 Class-15 Gen-98, 002002  002002  
 Class-15 Gen-98, 002002  004004  
 Class-15 Gen-97, 002003  003002  
 Class-15 Gen-98, 002002  003003  
 Class-15 Gen-97, 002002  002002  
 Class-15 Gen-98, 003003  004004  
 Class-15 Gen-98, 002002  003003  
 Class-15 Gen-98, 002003  003003  
 Class-15 Gen-98, 002002  004004  
 Class-15 Gen-98, 003003  004004  
 Class-15 Gen-97, 003003  002002  
 Class-15 Gen-98, 002002  002002  
 Class-15 Gen-98, 002002  004003  
 Class-15 Gen-98, 002002  002004  
 Class-16 Gen-97, 002002  003002  
 Class-16 Gen-97, 002002  002002  
 Class-16 Gen-97, 002002  002002  
 Class-16 Gen-97, 002002  003003  
 Class-16 Gen-97, 002002  003004  
 Class-16 Gen-97, 002002  003003  
 Class-16 Gen-97, 002002  002003  
 Class-16 Gen-97, 002002  004004  
 Class-16 Gen-97, 002002  002002  
 Class-16 Gen-97, 002002  002002  
 Class-16 Gen-97, 002002  004004  
 Class-16 Gen-97, 003002  002002  
 Class-16 Gen-97, 002002  003004  
 Class-16 Gen-97, 003002  003002  
 Class-16 Gen-97, 002002  004003  
 Class-16 Gen-97, 002002  004003  
 Class-16 Gen-97, 002002  003003  
 Class-16 Gen-97, 002002  003003  
 Class-16 Gen-97, 002002  004004  
 Class-16 Gen-97, 002002  002004  
 Class-16 Gen-97, 002002  003003  
 Class-16 Gen-97, 002002  004004  
 Class-16 Gen-97, 003002  003003  
 Class-16 Gen-97, 002002  004004  
 Class-16 Gen-97, 002002  003003  
 Class-16 Gen-97, 002002  003004  
 Class-17 Gen-97, 002002  004003  
 Class-17 Gen-97, 002002  002004  
 Class-17 Gen-96, 003002  002004  
POP
Class-18 Gen-99, 002004  002002  
 Class-18 Gen-99, 004004  004002  
 Class-18 Gen-99, 004004  002002  
 Class-18 Gen-99, 004004  002002  
 Class-18 Gen-99, 002002  003004  
 Class-18 Gen-99, 002002  002002  
 Class-18 Gen-99, 002002  003004  
 Class-18 Gen-99, 002002  003004  
 Class-18 Gen-99, 002002  004004  
 Class-18 Gen-99, 002002  003002  
 Class-18 Gen-99, 002002  004002  
 Class-18 Gen-99, 002002  004002  
 Class-18 Gen-99, 002002  003002  
 Class-18 Gen-99, 002002  004002  
 Class-18 Gen-99, 002002  004002  
 Class-18 Gen-99, 002003  002002  
 Class-18 Gen-99, 002002  004002  
 Class-18 Gen-99, 002002  004002  
 Class-18 Gen-99, 002003  002002  
 Class-18 Gen-99, 002003  002003  
 Class-18 Gen-99, 002003  004003  
 Class-18 Gen-99, 002003  004002  
 Class-18 Gen-99, 002002  004002  
 Class-18 Gen-99, 002002  002003  
 Class-18 Gen-99, 002002  004003  
 Class-18 Gen-99, 002002  004002  
 Class-18 Gen-99, 002002  004002  
 Class-18 Gen-99, 002002  004002  
 Class-18 Gen-99, 002002  004003  
 Class-18 Gen-99, 002002  004002  
 Class-18 Gen-99, 002002  004002  
 Class-18 Gen-99, 002002  002002  
 Class-18 Gen-99, 002002  002003  
 Class-18 Gen-99, 002002  004003  
 Class-18 Gen-99, 002002  004002  
 Class-18 Gen-99, 002002  002002  
 Class-18 Gen-99, 002002  004002  
 Class-18 Gen-99, 003003  004003  
 Class-18 Gen-99, 003003  002002  
 Class-18 Gen-99, 003002  004002  
 Class-18 Gen-99, 003003  002002  
 Class-18 Gen-99, 003002  004002  
 Class-18 Gen-99, 002002  004002  
 Class-18 Gen-99, 003003  004002  
 Class-18 Gen-99, 002002  002003  
 Class-18 Gen-99, 002002  002003  
 Class-18 Gen-99, 002002  002002  
 Class-18 Gen-99, 002002  002002  
 Class-18 Gen-99, 002002  002003  
 Class-18 Gen-99, 002002  004002  
 Class-18 Gen-99, 002002  002003  
 Class-18 Gen-99, 002002  003003  
 Class-18 Gen-99, 002002  003004  
 Class-18 Gen-99, 002002  002004  
 Class-18 Gen-99, 002002  004003  
 Class-18 Gen-99, 002002  002004  
 Class-18 Gen-99, 002003  004004  
 Class-18 Gen-99, 002002  003004  
 Class-18 Gen-99, 002002  003003  
 Class-18 Gen-99, 002002  002004  
 Class-18 Gen-99, 002002  003004  
 Class-18 Gen-99, 002002  004004  
 Class-18 Gen-99, 002002  002003  
 Class-18 Gen-99, 002002  003004  
 Class-18 Gen-99, 002002  003004  
 Class-18 Gen-99, 002002  004004  
 Class-18 Gen-99, 002002  003003  
 Class-18 Gen-99, 002002  002003  
 Class-18 Gen-99, 002002  002004  
 Class-18 Gen-99, 002002  002003  
 Class-18 Gen-99, 002002  003004  
 Class-18 Gen-99, 002002  004004  
 Class-18 Gen-99, 002002  002003  
 Class-18 Gen-99, 003002  004004  
 Class-18 Gen-99, 002002  003003  
 Class-18 Gen-99, 002002  003003  
 Class-18 Gen-99, 002002  002004  
 Class-18 Gen-99, 002002  002004  
 Class-18 Gen-99, 002002  003004  
 Class-18 Gen-99, 002002  002004  
 Class-18 Gen-99, 002002  003004  
 Class-18 Gen-99, 002002  003004  
 Class-18 Gen-99, 002002  004004  
 Class-18 Gen-99, 002002  003004  
 Class-18 Gen-99, 002002  003002  
 Class-18 Gen-99, 002002  002004  
 Class-18 Gen-99, 002002  002004  
 Class-18 Gen-99, 002002  004004  
 Class-18 Gen-99, 002002  003004  
 Class-18 Gen-99, 002002  003004  
 Class-18 Gen-99, 004004  003002  
 Class-18 Gen-99, 004004  004002  
 Class-18 Gen-99, 004004  003002  
 Class-18 Gen-99, 002002  004003  
 Class-18 Gen-99, 004004  003002  
 Class-18 Gen-99, 002002  002002  
 Class-18 Gen-99, 004004  003002  
 Class-18 Gen-99, 002002  003004  
 Class-18 Gen-99, 004004  004002  
 Class-18 Gen-99, 004004  003002  
 Class-18 Gen-99, 004003  004003  
 Class-18 Gen-99, 004003  002002  
 Class-18 Gen-99, 004003  004002  
 Class-18 Gen-99, 004003  002003  
 Class-18 Gen-99, 004002  004002  
 Class-18 Gen-99, 004003  004002  
 Class-18 Gen-99, 004002  004003  
 Class-18 Gen-99, 004002  002003  
 Class-18 Gen-99, 004004  002002  
 Class-18 Gen-99, 004004  002002  
 Class-18 Gen-99, 004004  002002  
 Class-18 Gen-99, 004004  004002  
 Class-18 Gen-99, 004004  004002  
 Class-18 Gen-99, 002002  004002  
 Class-18 Gen-99, 004004  002002  
 Class-18 Gen-99, 004004  002002  
 Class-18 Gen-99, 004004  002002  
 Class-18 Gen-99, 004004  002002  
 Class-18 Gen-99, 004004  004002  
 Class-18 Gen-99, 002002  004002  
 Class-18 Gen-99, 002002  004004  
 Class-18 Gen-99, 002002  004004  
 Class-18 Gen-99, 002002  004004  
 Class-18 Gen-99, 002002  002002  
 Class-18 Gen-99, 002002  004002  
 Class-18 Gen-99, 002002  004004  
 Class-18 Gen-99, 002002  003003  
 Class-18 Gen-99, 002002  004002  
 Class-18 Gen-99, 002002  002003  
 Class-18 Gen-99, 002002  002003  
 Class-18 Gen-99, 002002  003003  
 Class-18 Gen-99, 002002  003002  
 Class-18 Gen-99, 002002  003002  
 Class-18 Gen-99, 002002  003003  
 Class-18 Gen-99, 002002  004003  
 Class-18 Gen-99, 002002  002002  
 Class-18 Gen-99, 002002  004002  
 Class-18 Gen-99, 002003  003003  
 Class-18 Gen-99, 002002  004003  
 Class-18 Gen-99, 002002  004003  
 Class-18 Gen-99, 002002  004002  
 Class-18 Gen-99, 002002  004002  
 Class-18 Gen-99, 002002  002002  
 Class-18 Gen-99, 002002  003002  
 Class-18 Gen-99, 002002  002002  
 Class-18 Gen-99, 002002  003002  
 Class-18 Gen-99, 002002  003002  
 Class-18 Gen-99, 002002  002002  
 Class-18 Gen-99, 002002  003002  
 Class-18 Gen-99, 002002  003002  
 Class-18 Gen-99, 002002  003002  
 Class-18 Gen-99, 002002  002004  
 Class-18 Gen-99, 002003  002002  
 Class-18 Gen-99, 002002  002004  
 Class-18 Gen-99, 002002  002002  
 Class-18 Gen-99, 002002  002002  
 Class-18 Gen-99, 002003  002004  
 Class-18 Gen-99, 002003  002002  
 Class-18 Gen-99, 002002  002002  
 Class-18 Gen-99, 002002  002002  
 Class-18 Gen-99, 002002  002004  
 Class-18 Gen-99, 002003  002004  
 Class-18 Gen-99, 002002  002004  
 Class-18 Gen-99, 002002  002002  
 Class-18 Gen-99, 002002  004002  
 Class-18 Gen-99, 002002  004004  
 Class-18 Gen-99, 002002  004004  
 Class-18 Gen-99, 002002  004004  
 Class-18 Gen-99, 003003  003003  
 Class-18 Gen-99, 002002  004002  
 Class-18 Gen-99, 002002  004004  
 Class-18 Gen-99, 002003  003003  
 Class-18 Gen-99, 002002  003004  
 Class-18 Gen-99, 002002  003004  
 Class-18 Gen-99, 002002  002002  
 Class-18 Gen-99, 002002  003004  
 Class-18 Gen-99, 002002  003004  
 Class-18 Gen-99, 002002  003002  
 Class-18 Gen-99, 002002  002004  
 Class-18 Gen-99, 002002  002004  
 Class-18 Gen-99, 002002  002003  
 Class-18 Gen-99, 002002  002002  
 Class-18 Gen-99, 002002  002002  
 Class-18 Gen-99, 002002  002002  
 Class-18 Gen-99, 002003  004004  
 Class-18 Gen-99, 002002  004003  
 Class-18 Gen-99, 002002  003003  
 Class-18 Gen-99, 002002  004004  
 Class-18 Gen-99, 002002  004004  
 Class-18 Gen-99, 002002  002004  
 Class-18 Gen-99, 002002  004004  
 Class-18 Gen-99, 002002  002004  
 Class-18 Gen-99, 003002  003004  
 Class-18 Gen-99, 002004  004003  
 Class-18 Gen-99, 002002  004004  
 Class-18 Gen-99, 002003  004004  
 Class-18 Gen-99, 002004  002002  
 Class-18 Gen-99, 004004  004002  
 Class-18 Gen-99, 002004  004002  
 Class-18 Gen-99, 002004  004002  
 Class-18 Gen-99, 002004  004002  
 Class-18 Gen-99, 004004  002002  
 Class-18 Gen-99, 002004  002002  
 Class-18 Gen-99, 004004  002002  
 Class-18 Gen-99, 002002  004002  
 Class-18 Gen-99, 002002  004002  
 Class-18 Gen-99, 002002  004002  
 Class-18 Gen-99, 002002  004002  
 Class-18 Gen-99, 002002  004002  
 Class-18 Gen-99, 002002  004004  
 Class-18 Gen-99, 002002  004004  
 Class-18 Gen-99, 002002  004004  
 Class-18 Gen-99, 002002  004004  
 Class-18 Gen-99, 002002  002004  
 Class-18 Gen-99, 002002  002002  
 Class-18 Gen-99, 002002  002002  
 Class-18 Gen-99, 002002  002004  
 Class-18 Gen-99, 002002  002004  
 Class-18 Gen-99, 002002  003002  
 Class-18 Gen-99, 002002  004002  
 Class-18 Gen-99, 002002  003002  
 Class-18 Gen-99, 002002  004002  
 Class-18 Gen-99, 002002  003002  
 Class-18 Gen-99, 002002  003004  
 Class-18 Gen-99, 002002  003004  
 Class-18 Gen-99, 002002  004004  
 Class-18 Gen-99, 003002  004002  
 Class-18 Gen-99, 003002  004004  
 Class-18 Gen-99, 003002  004004  
 Class-18 Gen-99, 003002  004004  
 Class-18 Gen-99, 003002  004002  
 Class-18 Gen-99, 003002  004002  
 Class-18 Gen-99, 003002  004004  
 Class-18 Gen-99, 003002  004004  
 Class-18 Gen-99, 003002  004002  
 Class-18 Gen-99, 003002  004002  
 Class-18 Gen-99, 002002  004002  
 Class-18 Gen-99, 002002  004003  
 Class-18 Gen-99, 002002  004002  
 Class-18 Gen-99, 002002  004003  
 Class-18 Gen-99, 002002  004003  
 Class-18 Gen-99, 002004  004002  
 Class-18 Gen-99, 002004  004002  
 Class-18 Gen-99, 002004  004002  
 Class-18 Gen-99, 002002  004002  
 Class-18 Gen-99, 002003  004004  
 Class-18 Gen-99, 002002  004002  
 Class-18 Gen-99, 002002  004002  
 Class-18 Gen-99, 002002  004002  
 Class-18 Gen-99, 002003  004004  
 Class-18 Gen-99, 002003  004004  
 Class-18 Gen-99, 002003  004004  
 Class-18 Gen-99, 002002  004002  
 Class-18 Gen-99, 002003  004002  
 Class-18 Gen-99, 002002  004002  
 Class-19 Gen-99, 002002  004002  
 Class-19 Gen-99, 003002  004004  
 Class-19 Gen-99, 003002  004002  
 Class-19 Gen-99, 003002  004002  
 Class-19 Gen-99, 003002  004002  
 Class-19 Gen-99, 003002  004002  
 Class-19 Gen-99, 003002  004004  
 Class-19 Gen-99, 002002  004004  
 Class-19 Gen-99, 002002  003002  
 Class-19 Gen-99, 002002  003004  
 Class-19 Gen-99, 002002  004004  
 Class-19 Gen-99, 002002  004002  
 Class-19 Gen-99, 002002  004002  
 Class-19 Gen-99, 002002  002002  
 Class-19 Gen-99, 002002  004002  
 Class-19 Gen-99, 002002  003004  
 Class-19 Gen-99, 002002  004002  
 Class-19 Gen-99, 002002  003002  
 Class-19 Gen-99, 002002  004002  
 Class-19 Gen-99, 002002  003002  
 Class-19 Gen-99, 002002  002004  
 Class-19 Gen-99, 002002  002004  
 Class-19 Gen-99, 002002  002002  
 Class-19 Gen-99, 002002  004004  
 Class-19 Gen-99, 002002  004004  
 Class-19 Gen-99, 002002  004002  
 Class-19 Gen-99, 002002  004004  
 Class-19 Gen-99, 002002  004004  
 Class-19 Gen-99, 002004  004002  
 Class-19 Gen-99, 002004  002002  
 Class-19 Gen-99, 004004  004002  
 Class-19 Gen-99, 002004  002002  
 Class-19 Gen-99, 002002  002004  
 Class-19 Gen-99, 002004  004002  
 Class-19 Gen-99, 004004  004002  
 Class-19 Gen-99, 002002  002003  
 Class-19 Gen-99, 002004  004002  
 Class-19 Gen-99, 004004  004002  
 Class-19 Gen-99, 002002  004004  
 Class-19 Gen-99, 002002  003004  
 Class-19 Gen-99, 002002  003004  
 Class-19 Gen-99, 002002  003004  
 Class-19 Gen-99, 002002  004004  
 Class-19 Gen-99, 002002  004004  
 Class-19 Gen-99, 002002  002003  
 Class-19 Gen-99, 002002  004003  
 Class-19 Gen-99, 002002  002002  
 Class-19 Gen-99, 002003  002002  
 Class-19 Gen-99, 002002  002003  
 Class-19 Gen-99, 002002  004002  
 Class-19 Gen-99, 002002  002002  
 Class-19 Gen-99, 002002  002002  
 Class-19 Gen-99, 002002  004002  
 Class-19 Gen-99, 003002  002002  
 Class-19 Gen-99, 003002  004002  
 Class-19 Gen-99, 002003  004002  
 Class-19 Gen-99, 002002  002002  
 Class-19 Gen-99, 002002  003003  
 Class-19 Gen-99, 002002  004004  
 Class-19 Gen-99, 002002  002002  
 Class-19 Gen-99, 002002  002002  
 Class-19 Gen-99, 002002  002003  
 Class-19 Gen-99, 002002  004004  
 Class-19 Gen-99, 002002  004004  
 Class-19 Gen-99, 002002  004004  
 Class-19 Gen-99, 002002  004002  
 Class-19 Gen-99, 002002  004004  
 Class-19 Gen-99, 002002  004004  
 Class-19 Gen-99, 002002  004004  
 Class-19 Gen-99, 002002  003003  
 Class-19 Gen-99, 002002  004004  
 Class-19 Gen-99, 002002  002003  
 Class-19 Gen-99, 002002  003004  
 Class-19 Gen-99, 002002  004003  
 Class-19 Gen-99, 002002  002004  
 Class-19 Gen-99, 002002  002003  
 Class-19 Gen-99, 002002  002003  
 Class-19 Gen-99, 002002  002004  
 Class-19 Gen-99, 002002  002004  
 Class-19 Gen-99, 002002  003004  
 Class-19 Gen-99, 002002  002004  
 Class-19 Gen-99, 002002  004003  
 Class-19 Gen-99, 002002  003004  
 Class-19 Gen-99, 002002  003004  
 Class-19 Gen-99, 004004  004002  
 Class-19 Gen-99, 004004  004002  
 Class-19 Gen-99, 004004  004002  
 Class-19 Gen-99, 004004  004002  
 Class-19 Gen-99, 004004  004002  
 Class-19 Gen-99, 004004  003002  
 Class-19 Gen-99, 004004  004002  
 Class-19 Gen-99, 004002  002002  
 Class-19 Gen-99, 004002  004002  
 Class-19 Gen-99, 004002  002003  
 Class-19 Gen-99, 004003  002003  
 Class-19 Gen-99, 004003  004003  
 Class-19 Gen-99, 004003  004002  
 Class-19 Gen-99, 004004  002002  
 Class-19 Gen-99, 004004  002002  
 Class-19 Gen-99, 004004  004002  
 Class-19 Gen-99, 002002  003004  
 Class-19 Gen-99, 002002  004004  
 Class-19 Gen-99, 002002  004004  
 Class-19 Gen-99, 002002  004002  
 Class-19 Gen-99, 002002  003002  
 Class-19 Gen-99, 002002  002002  
 Class-19 Gen-99, 002002  003002  
 Class-19 Gen-99, 002002  003002  
 Class-19 Gen-99, 002002  002003  
 Class-19 Gen-99, 002002  004003  
 Class-19 Gen-99, 002002  004003  
 Class-19 Gen-99, 002002  004003  
 Class-19 Gen-99, 002002  004003  
 Class-19 Gen-99, 002002  004003  
 Class-19 Gen-99, 002002  004002  
 Class-19 Gen-99, 002002  004004  
 Class-19 Gen-99, 002002  002002  
 Class-19 Gen-99, 002002  002002  
 Class-19 Gen-99, 002002  003002  
 Class-19 Gen-99, 002002  002002  
 Class-19 Gen-99, 002002  002002  
 Class-19 Gen-99, 002003  002002  
 Class-19 Gen-99, 002003  002002  
 Class-19 Gen-99, 002003  002002  
 Class-19 Gen-99, 002002  002002  
 Class-19 Gen-99, 002002  002004  
 Class-19 Gen-99, 002002  004003  
 Class-19 Gen-99, 002002  004004  
 Class-19 Gen-99, 002002  004004  
 Class-19 Gen-99, 002002  004002  
 Class-19 Gen-99, 002002  002002  
 Class-19 Gen-99, 002002  002002  
 Class-19 Gen-99, 002002  003004  
 Class-19 Gen-99, 002002  002004  
 Class-19 Gen-99, 002002  002004  
 Class-19 Gen-99, 002002  004003  
 Class-19 Gen-99, 002002  002003  
 Class-19 Gen-99, 002002  002002  
 Class-19 Gen-99, 002002  004003  
 Class-19 Gen-99, 004003  004004  
 Class-19 Gen-99, 002002  003003  
 Class-19 Gen-99, 002002  004004  
 Class-19 Gen-99, 002002  004004  
 Class-19 Gen-99, 002002  002004  
 Class-19 Gen-99, 002003  004002  
 Class-19 Gen-99, 002002  002003  
 Class-19 Gen-99, 002002  002002  
 Class-19 Gen-99, 002002  003002  
 Class-19 Gen-99, 002002  003003  
 Class-19 Gen-99, 002002  003004  
 Class-19 Gen-99, 002002  003003  
 Class-19 Gen-99, 002002  002003  
 Class-19 Gen-99, 003002  004004  
 Class-19 Gen-99, 002003  004004  
 Class-19 Gen-99, 003002  004004  
 Class-19 Gen-99, 002002  003003  
 Class-19 Gen-99, 002002  002003  
 Class-19 Gen-99, 002002  004004  
 Class-19 Gen-99, 002002  004003  
 Class-19 Gen-99, 002002  004002  
 Class-19 Gen-99, 002002  004003  
 Class-19 Gen-99, 002002  004003  
 Class-19 Gen-99, 002004  004002  
 Class-19 Gen-99, 002004  004002  
 Class-19 Gen-99, 002002  004004  
 Class-20 Gen-98, 002002  002004  
 Class-20 Gen-98, 002002  002004  
 Class-20 Gen-98, 002002  003003  
 Class-20 Gen-98, 002002  002002  
 Class-20 Gen-98, 002002  004003  
 Class-20 Gen-98, 002002  004003  
 Class-20 Gen-98, 002002  004002  
 Class-20 Gen-98, 002002  002004  
 Class-20 Gen-98, 003003  004004  
 Class-20 Gen-98, 003003  004004  
 Class-20 Gen-98, 002002  002004  
 Class-20 Gen-98, 002002  003004  
 Class-20 Gen-98, 002002  003002  
 Class-20 Gen-98, 002002  004004  
 Class-20 Gen-98, 002002  004004  
 Class-20 Gen-98, 002002  002004  
 Class-20 Gen-98, 002002  003003  
 Class-20 Gen-98, 002002  004004  
 Class-20 Gen-98, 002002  003002  
 Class-20 Gen-98, 002003  004004  
 Class-20 Gen-98, 002002  004004  
 Class-20 Gen-98, 002002  002002  
 Class-20 Gen-98, 002002  003002  
 Class-20 Gen-98, 002002  003002  
 Class-20 Gen-98, 003003  004004  
 Class-20 Gen-98, 002002  002002  
 Class-20 Gen-98, 002002  002002  
 Class-20 Gen-98, 002002  004003  
 Class-20 Gen-98, 002002  002002  
 Class-20 Gen-98, 002003  002003  
 Class-20 Gen-98, 002002  004004  
 Class-21 Gen-97, 002002  004002  
 Class-21 Gen-97, 002002  004004  
 Class-21 Gen-98, 002002  004004  
 Class-21 Gen-98, 002002  002004  
 Class-21 Gen-98, 002002  002002  
 Class-21 Gen-96, 002002  002004  
 Class-21 Gen-98, 002002  002003  
 Class-21 Gen-97, 002002  002004  
 Class-21 Gen-97, 002004  002004  
 Class-21 Gen-97, 002002  002002  
 Class-21 Gen-98, 002002  002004  
 Class-21 Gen-97, 003002  002004  
 Class-21 Gen-97, 002002  003003  
 Class-21 Gen-98, 002002  003002  
 Class-21 Gen-97, 004004  002002  
 Class-22 Gen-96, 002002  002003  
 Class-22 Gen-97, 002002  004004  
 Class-22 Gen-97, 002002  002002  
 Class-22 Gen-97, 002002  003002  
 Class-22 Gen-97, 002002  004004  
 Class-22 Gen-97, 002002  002003  
 Class-22 Gen-97, 002002  004004  
 Class-22 Gen-97, 004004  004002  
 Class-22 Gen-97, 004004  002004  
 Class-22 Gen-97, 004004  003004  
 Class-22 Gen-97, 002002  002003  
 Class-22 Gen-97, 002002  003002  
 Class-22 Gen-97, 002002  003004  
 Class-22 Gen-97, 002002  003002  
 Class-22 Gen-97, 002002  004004  
 Class-22 Gen-97, 002002  002002  
 Class-22 Gen-97, 003002  004002  
 Class-22 Gen-97, 002002  004002  
 Class-22 Gen-97, 002002  004002  
 Class-22 Gen-97, 002002  004003  
 Class-22 Gen-97, 002004  002004  
 Class-22 Gen-97, 002002  004004  
 Class-22 Gen-97, 002002  004004  
 Class-22 Gen-97, 002002  002002  
 Class-22 Gen-97, 002002  004003  
 Class-22 Gen-97, 002002  003004  
 Class-22 Gen-97, 003003  004004  
 Class-22 Gen-97, 002002  004004  
 Class-22 Gen-97, 002002  004004  
 Class-22 Gen-97, 002002  004004  
 Class-23 Gen-95, 002002  002003  
 Class-23 Gen-97, 002002  004002  
 Class-23 Gen-97, 002002  004002  
 Class-23 Gen-97, 002002  003004  
 Class-23 Gen-97, 002002  003004  
 Class-23 Gen-97, 002002  002002  
 Class-23 Gen-96, 003002  003002  
